2015-11-17 23:10:33.149 [main] ERROR ch.hesge.cragsi.loader.CragsiLoader - FDC loading error
ch.hesge.cragsi.exceptions.ConfigurationException: missing property 'academicYear_S1' in configuration file
	at ch.hesge.cragsi.utils.PropertyUtils.getProperty(PropertyUtils.java:27) ~[bin/:?]
	at ch.hesge.cragsi.loader.CragsiLogic.getFirstSemesterStartDate(CragsiLogic.java:326) ~[bin/:?]
	at ch.hesge.cragsi.loader.CragsiLogic.getFirstSemesterAccountingDate(CragsiLogic.java:466) ~[bin/:?]
	at ch.hesge.cragsi.loader.CragsiLoader.generateFDCAccountings(CragsiLoader.java:145) [bin/:?]
	at ch.hesge.cragsi.loader.CragsiLoader.start(CragsiLoader.java:114) [bin/:?]
	at ch.hesge.cragsi.loader.CragsiLoader.main(CragsiLoader.java:309) [bin/:?]
2015-11-17 23:10:33.165 [main] ERROR ch.hesge.cragsi.loader.CragsiLoader - FDC loading error
ch.hesge.cragsi.exceptions.ConfigurationException: missing property 'academicYear_S1' in configuration file
	at ch.hesge.cragsi.utils.PropertyUtils.getProperty(PropertyUtils.java:27) ~[bin/:?]
	at ch.hesge.cragsi.loader.CragsiLogic.getFirstSemesterStartDate(CragsiLogic.java:326) ~[bin/:?]
	at ch.hesge.cragsi.loader.CragsiLogic.getFirstSemesterAccountingDate(CragsiLogic.java:466) ~[bin/:?]
	at ch.hesge.cragsi.loader.CragsiLoader.generateFDCAccountings(CragsiLoader.java:145) [bin/:?]
	at ch.hesge.cragsi.loader.CragsiLoader.start(CragsiLoader.java:114) [bin/:?]
	at ch.hesge.cragsi.loader.CragsiLoader.main(CragsiLoader.java:309) [bin/:?]
2015-11-17 23:10:33.166 [main] ERROR ch.hesge.cragsi.loader.CragsiLoader - FDC loading error
ch.hesge.cragsi.exceptions.ConfigurationException: missing property 'academicYear_S1' in configuration file
	at ch.hesge.cragsi.utils.PropertyUtils.getProperty(PropertyUtils.java:27) ~[bin/:?]
	at ch.hesge.cragsi.loader.CragsiLogic.getFirstSemesterStartDate(CragsiLogic.java:326) ~[bin/:?]
	at ch.hesge.cragsi.loader.CragsiLogic.getFirstSemesterAccountingDate(CragsiLogic.java:466) ~[bin/:?]
	at ch.hesge.cragsi.loader.CragsiLoader.generateFDCAccountings(CragsiLoader.java:145) [bin/:?]
	at ch.hesge.cragsi.loader.CragsiLoader.start(CragsiLoader.java:114) [bin/:?]
	at ch.hesge.cragsi.loader.CragsiLoader.main(CragsiLoader.java:309) [bin/:?]
2015-11-17 23:10:33.167 [main] ERROR ch.hesge.cragsi.loader.CragsiLoader - FDC loading error
ch.hesge.cragsi.exceptions.ConfigurationException: missing property 'academicYear_S1' in configuration file
	at ch.hesge.cragsi.utils.PropertyUtils.getProperty(PropertyUtils.java:27) ~[bin/:?]
	at ch.hesge.cragsi.loader.CragsiLogic.getFirstSemesterStartDate(CragsiLogic.java:326) ~[bin/:?]
	at ch.hesge.cragsi.loader.CragsiLogic.getFirstSemesterAccountingDate(CragsiLogic.java:466) ~[bin/:?]
	at ch.hesge.cragsi.loader.CragsiLoader.generateFDCAccountings(CragsiLoader.java:145) [bin/:?]
	at ch.hesge.cragsi.loader.CragsiLoader.start(CragsiLoader.java:114) [bin/:?]
	at ch.hesge.cragsi.loader.CragsiLoader.main(CragsiLoader.java:309) [bin/:?]
2015-11-17 23:10:33.168 [main] ERROR ch.hesge.cragsi.loader.CragsiLoader - FDC loading error
ch.hesge.cragsi.exceptions.ConfigurationException: missing property 'academicYear_S1' in configuration file
	at ch.hesge.cragsi.utils.PropertyUtils.getProperty(PropertyUtils.java:27) ~[bin/:?]
	at ch.hesge.cragsi.loader.CragsiLogic.getFirstSemesterStartDate(CragsiLogic.java:326) ~[bin/:?]
	at ch.hesge.cragsi.loader.CragsiLogic.getFirstSemesterAccountingDate(CragsiLogic.java:466) ~[bin/:?]
	at ch.hesge.cragsi.loader.CragsiLoader.generateFDCAccountings(CragsiLoader.java:145) [bin/:?]
	at ch.hesge.cragsi.loader.CragsiLoader.start(CragsiLoader.java:114) [bin/:?]
	at ch.hesge.cragsi.loader.CragsiLoader.main(CragsiLoader.java:309) [bin/:?]
2015-11-17 23:10:33.169 [main] ERROR ch.hesge.cragsi.loader.CragsiLoader - FDC loading error
ch.hesge.cragsi.exceptions.ConfigurationException: missing property 'academicYear_S1' in configuration file
	at ch.hesge.cragsi.utils.PropertyUtils.getProperty(PropertyUtils.java:27) ~[bin/:?]
	at ch.hesge.cragsi.loader.CragsiLogic.getFirstSemesterStartDate(CragsiLogic.java:326) ~[bin/:?]
	at ch.hesge.cragsi.loader.CragsiLogic.getFirstSemesterAccountingDate(CragsiLogic.java:466) ~[bin/:?]
	at ch.hesge.cragsi.loader.CragsiLoader.generateFDCAccountings(CragsiLoader.java:145) [bin/:?]
	at ch.hesge.cragsi.loader.CragsiLoader.start(CragsiLoader.java:114) [bin/:?]
	at ch.hesge.cragsi.loader.CragsiLoader.main(CragsiLoader.java:309) [bin/:?]
2015-11-17 23:10:33.170 [main] ERROR ch.hesge.cragsi.loader.CragsiLoader - FDC loading error
ch.hesge.cragsi.exceptions.ConfigurationException: missing property 'academicYear_S1' in configuration file
	at ch.hesge.cragsi.utils.PropertyUtils.getProperty(PropertyUtils.java:27) ~[bin/:?]
	at ch.hesge.cragsi.loader.CragsiLogic.getFirstSemesterStartDate(CragsiLogic.java:326) ~[bin/:?]
	at ch.hesge.cragsi.loader.CragsiLogic.getFirstSemesterAccountingDate(CragsiLogic.java:466) ~[bin/:?]
	at ch.hesge.cragsi.loader.CragsiLoader.generateFDCAccountings(CragsiLoader.java:145) [bin/:?]
	at ch.hesge.cragsi.loader.CragsiLoader.start(CragsiLoader.java:114) [bin/:?]
	at ch.hesge.cragsi.loader.CragsiLoader.main(CragsiLoader.java:309) [bin/:?]
2015-11-17 23:10:33.170 [main] ERROR ch.hesge.cragsi.loader.CragsiLoader - FDC loading error
ch.hesge.cragsi.exceptions.ConfigurationException: missing property 'academicYear_S1' in configuration file
	at ch.hesge.cragsi.utils.PropertyUtils.getProperty(PropertyUtils.java:27) ~[bin/:?]
	at ch.hesge.cragsi.loader.CragsiLogic.getFirstSemesterStartDate(CragsiLogic.java:326) ~[bin/:?]
	at ch.hesge.cragsi.loader.CragsiLogic.getFirstSemesterAccountingDate(CragsiLogic.java:466) ~[bin/:?]
	at ch.hesge.cragsi.loader.CragsiLoader.generateFDCAccountings(CragsiLoader.java:145) [bin/:?]
	at ch.hesge.cragsi.loader.CragsiLoader.start(CragsiLoader.java:114) [bin/:?]
	at ch.hesge.cragsi.loader.CragsiLoader.main(CragsiLoader.java:309) [bin/:?]
2015-11-17 23:10:33.171 [main] ERROR ch.hesge.cragsi.loader.CragsiLoader - FDC loading error
ch.hesge.cragsi.exceptions.ConfigurationException: missing property 'academicYear_S1' in configuration file
	at ch.hesge.cragsi.utils.PropertyUtils.getProperty(PropertyUtils.java:27) ~[bin/:?]
	at ch.hesge.cragsi.loader.CragsiLogic.getFirstSemesterStartDate(CragsiLogic.java:326) ~[bin/:?]
	at ch.hesge.cragsi.loader.CragsiLogic.getFirstSemesterAccountingDate(CragsiLogic.java:466) ~[bin/:?]
	at ch.hesge.cragsi.loader.CragsiLoader.generateFDCAccountings(CragsiLoader.java:145) [bin/:?]
	at ch.hesge.cragsi.loader.CragsiLoader.start(CragsiLoader.java:114) [bin/:?]
	at ch.hesge.cragsi.loader.CragsiLoader.main(CragsiLoader.java:309) [bin/:?]
2015-11-17 23:10:33.172 [main] ERROR ch.hesge.cragsi.loader.CragsiLoader - FDC loading error
ch.hesge.cragsi.exceptions.ConfigurationException: missing property 'academicYear_S1' in configuration file
	at ch.hesge.cragsi.utils.PropertyUtils.getProperty(PropertyUtils.java:27) ~[bin/:?]
	at ch.hesge.cragsi.loader.CragsiLogic.getFirstSemesterStartDate(CragsiLogic.java:326) ~[bin/:?]
	at ch.hesge.cragsi.loader.CragsiLogic.getFirstSemesterAccountingDate(CragsiLogic.java:466) ~[bin/:?]
	at ch.hesge.cragsi.loader.CragsiLoader.generateFDCAccountings(CragsiLoader.java:145) [bin/:?]
	at ch.hesge.cragsi.loader.CragsiLoader.start(CragsiLoader.java:114) [bin/:?]
	at ch.hesge.cragsi.loader.CragsiLoader.main(CragsiLoader.java:309) [bin/:?]
2015-11-17 23:10:33.173 [main] ERROR ch.hesge.cragsi.loader.CragsiLoader - FDC loading error
ch.hesge.cragsi.exceptions.ConfigurationException: missing property 'academicYear_S1' in configuration file
	at ch.hesge.cragsi.utils.PropertyUtils.getProperty(PropertyUtils.java:27) ~[bin/:?]
	at ch.hesge.cragsi.loader.CragsiLogic.getFirstSemesterStartDate(CragsiLogic.java:326) ~[bin/:?]
	at ch.hesge.cragsi.loader.CragsiLogic.getFirstSemesterAccountingDate(CragsiLogic.java:466) ~[bin/:?]
	at ch.hesge.cragsi.loader.CragsiLoader.generateFDCAccountings(CragsiLoader.java:145) [bin/:?]
	at ch.hesge.cragsi.loader.CragsiLoader.start(CragsiLoader.java:114) [bin/:?]
	at ch.hesge.cragsi.loader.CragsiLoader.main(CragsiLoader.java:309) [bin/:?]
2015-11-17 23:10:33.174 [main] ERROR ch.hesge.cragsi.loader.CragsiLoader - FDC loading error
ch.hesge.cragsi.exceptions.ConfigurationException: missing property 'academicYear_S1' in configuration file
	at ch.hesge.cragsi.utils.PropertyUtils.getProperty(PropertyUtils.java:27) ~[bin/:?]
	at ch.hesge.cragsi.loader.CragsiLogic.getFirstSemesterStartDate(CragsiLogic.java:326) ~[bin/:?]
	at ch.hesge.cragsi.loader.CragsiLogic.getFirstSemesterAccountingDate(CragsiLogic.java:466) ~[bin/:?]
	at ch.hesge.cragsi.loader.CragsiLoader.generateFDCAccountings(CragsiLoader.java:145) [bin/:?]
	at ch.hesge.cragsi.loader.CragsiLoader.start(CragsiLoader.java:114) [bin/:?]
	at ch.hesge.cragsi.loader.CragsiLoader.main(CragsiLoader.java:309) [bin/:?]
2015-11-17 23:10:33.176 [main] ERROR ch.hesge.cragsi.loader.CragsiLoader - FDC loading error
ch.hesge.cragsi.exceptions.ConfigurationException: missing property 'academicYear_S1' in configuration file
	at ch.hesge.cragsi.utils.PropertyUtils.getProperty(PropertyUtils.java:27) ~[bin/:?]
	at ch.hesge.cragsi.loader.CragsiLogic.getFirstSemesterStartDate(CragsiLogic.java:326) ~[bin/:?]
	at ch.hesge.cragsi.loader.CragsiLogic.getFirstSemesterAccountingDate(CragsiLogic.java:466) ~[bin/:?]
	at ch.hesge.cragsi.loader.CragsiLoader.generateFDCAccountings(CragsiLoader.java:145) [bin/:?]
	at ch.hesge.cragsi.loader.CragsiLoader.start(CragsiLoader.java:114) [bin/:?]
	at ch.hesge.cragsi.loader.CragsiLoader.main(CragsiLoader.java:309) [bin/:?]
2015-11-17 23:10:33.177 [main] ERROR ch.hesge.cragsi.loader.CragsiLoader - FDC loading error
ch.hesge.cragsi.exceptions.ConfigurationException: missing property 'academicYear_S1' in configuration file
	at ch.hesge.cragsi.utils.PropertyUtils.getProperty(PropertyUtils.java:27) ~[bin/:?]
	at ch.hesge.cragsi.loader.CragsiLogic.getFirstSemesterStartDate(CragsiLogic.java:326) ~[bin/:?]
	at ch.hesge.cragsi.loader.CragsiLogic.getFirstSemesterAccountingDate(CragsiLogic.java:466) ~[bin/:?]
	at ch.hesge.cragsi.loader.CragsiLoader.generateFDCAccountings(CragsiLoader.java:145) [bin/:?]
	at ch.hesge.cragsi.loader.CragsiLoader.start(CragsiLoader.java:114) [bin/:?]
	at ch.hesge.cragsi.loader.CragsiLoader.main(CragsiLoader.java:309) [bin/:?]
2015-11-17 23:10:33.178 [main] ERROR ch.hesge.cragsi.loader.CragsiLoader - FDC loading error
ch.hesge.cragsi.exceptions.ConfigurationException: missing property 'academicYear_S1' in configuration file
	at ch.hesge.cragsi.utils.PropertyUtils.getProperty(PropertyUtils.java:27) ~[bin/:?]
	at ch.hesge.cragsi.loader.CragsiLogic.getFirstSemesterStartDate(CragsiLogic.java:326) ~[bin/:?]
	at ch.hesge.cragsi.loader.CragsiLogic.getFirstSemesterAccountingDate(CragsiLogic.java:466) ~[bin/:?]
	at ch.hesge.cragsi.loader.CragsiLoader.generateFDCAccountings(CragsiLoader.java:145) [bin/:?]
	at ch.hesge.cragsi.loader.CragsiLoader.start(CragsiLoader.java:114) [bin/:?]
	at ch.hesge.cragsi.loader.CragsiLoader.main(CragsiLoader.java:309) [bin/:?]
2015-11-17 23:10:33.179 [main] ERROR ch.hesge.cragsi.loader.CragsiLoader - FDC loading error
ch.hesge.cragsi.exceptions.ConfigurationException: missing property 'academicYear_S1' in configuration file
	at ch.hesge.cragsi.utils.PropertyUtils.getProperty(PropertyUtils.java:27) ~[bin/:?]
	at ch.hesge.cragsi.loader.CragsiLogic.getFirstSemesterStartDate(CragsiLogic.java:326) ~[bin/:?]
	at ch.hesge.cragsi.loader.CragsiLogic.getFirstSemesterAccountingDate(CragsiLogic.java:466) ~[bin/:?]
	at ch.hesge.cragsi.loader.CragsiLoader.generateFDCAccountings(CragsiLoader.java:145) [bin/:?]
	at ch.hesge.cragsi.loader.CragsiLoader.start(CragsiLoader.java:114) [bin/:?]
	at ch.hesge.cragsi.loader.CragsiLoader.main(CragsiLoader.java:309) [bin/:?]
2015-11-17 23:10:33.181 [main] ERROR ch.hesge.cragsi.loader.CragsiLoader - FDC loading error
ch.hesge.cragsi.exceptions.ConfigurationException: missing property 'academicYear_S1' in configuration file
	at ch.hesge.cragsi.utils.PropertyUtils.getProperty(PropertyUtils.java:27) ~[bin/:?]
	at ch.hesge.cragsi.loader.CragsiLogic.getFirstSemesterStartDate(CragsiLogic.java:326) ~[bin/:?]
	at ch.hesge.cragsi.loader.CragsiLogic.getFirstSemesterAccountingDate(CragsiLogic.java:466) ~[bin/:?]
	at ch.hesge.cragsi.loader.CragsiLoader.generateFDCAccountings(CragsiLoader.java:145) [bin/:?]
	at ch.hesge.cragsi.loader.CragsiLoader.start(CragsiLoader.java:114) [bin/:?]
	at ch.hesge.cragsi.loader.CragsiLoader.main(CragsiLoader.java:309) [bin/:?]
2015-11-17 23:10:33.182 [main] ERROR ch.hesge.cragsi.loader.CragsiLoader - FDC loading error
ch.hesge.cragsi.exceptions.ConfigurationException: missing property 'academicYear_S1' in configuration file
	at ch.hesge.cragsi.utils.PropertyUtils.getProperty(PropertyUtils.java:27) ~[bin/:?]
	at ch.hesge.cragsi.loader.CragsiLogic.getFirstSemesterStartDate(CragsiLogic.java:326) ~[bin/:?]
	at ch.hesge.cragsi.loader.CragsiLogic.getFirstSemesterAccountingDate(CragsiLogic.java:466) ~[bin/:?]
	at ch.hesge.cragsi.loader.CragsiLoader.generateFDCAccountings(CragsiLoader.java:145) [bin/:?]
	at ch.hesge.cragsi.loader.CragsiLoader.start(CragsiLoader.java:114) [bin/:?]
	at ch.hesge.cragsi.loader.CragsiLoader.main(CragsiLoader.java:309) [bin/:?]
2015-11-17 23:10:33.183 [main] ERROR ch.hesge.cragsi.loader.CragsiLoader - FDC loading error
ch.hesge.cragsi.exceptions.ConfigurationException: missing property 'academicYear_S1' in configuration file
	at ch.hesge.cragsi.utils.PropertyUtils.getProperty(PropertyUtils.java:27) ~[bin/:?]
	at ch.hesge.cragsi.loader.CragsiLogic.getFirstSemesterStartDate(CragsiLogic.java:326) ~[bin/:?]
	at ch.hesge.cragsi.loader.CragsiLogic.getFirstSemesterAccountingDate(CragsiLogic.java:466) ~[bin/:?]
	at ch.hesge.cragsi.loader.CragsiLoader.generateFDCAccountings(CragsiLoader.java:145) [bin/:?]
	at ch.hesge.cragsi.loader.CragsiLoader.start(CragsiLoader.java:114) [bin/:?]
	at ch.hesge.cragsi.loader.CragsiLoader.main(CragsiLoader.java:309) [bin/:?]
2015-11-17 23:10:33.185 [main] ERROR ch.hesge.cragsi.loader.CragsiLoader - FDC loading error
ch.hesge.cragsi.exceptions.ConfigurationException: missing property 'academicYear_S1' in configuration file
	at ch.hesge.cragsi.utils.PropertyUtils.getProperty(PropertyUtils.java:27) ~[bin/:?]
	at ch.hesge.cragsi.loader.CragsiLogic.getFirstSemesterStartDate(CragsiLogic.java:326) ~[bin/:?]
	at ch.hesge.cragsi.loader.CragsiLogic.getFirstSemesterAccountingDate(CragsiLogic.java:466) ~[bin/:?]
	at ch.hesge.cragsi.loader.CragsiLoader.generateFDCAccountings(CragsiLoader.java:145) [bin/:?]
	at ch.hesge.cragsi.loader.CragsiLoader.start(CragsiLoader.java:114) [bin/:?]
	at ch.hesge.cragsi.loader.CragsiLoader.main(CragsiLoader.java:309) [bin/:?]
2015-11-17 23:10:33.186 [main] ERROR ch.hesge.cragsi.loader.CragsiLoader - FDC loading error
ch.hesge.cragsi.exceptions.ConfigurationException: missing property 'academicYear_S1' in configuration file
	at ch.hesge.cragsi.utils.PropertyUtils.getProperty(PropertyUtils.java:27) ~[bin/:?]
	at ch.hesge.cragsi.loader.CragsiLogic.getFirstSemesterStartDate(CragsiLogic.java:326) ~[bin/:?]
	at ch.hesge.cragsi.loader.CragsiLogic.getFirstSemesterAccountingDate(CragsiLogic.java:466) ~[bin/:?]
	at ch.hesge.cragsi.loader.CragsiLoader.generateFDCAccountings(CragsiLoader.java:145) [bin/:?]
	at ch.hesge.cragsi.loader.CragsiLoader.start(CragsiLoader.java:114) [bin/:?]
	at ch.hesge.cragsi.loader.CragsiLoader.main(CragsiLoader.java:309) [bin/:?]
2015-11-17 23:10:33.187 [main] ERROR ch.hesge.cragsi.loader.CragsiLoader - FDC loading error
ch.hesge.cragsi.exceptions.ConfigurationException: missing property 'academicYear_S1' in configuration file
	at ch.hesge.cragsi.utils.PropertyUtils.getProperty(PropertyUtils.java:27) ~[bin/:?]
	at ch.hesge.cragsi.loader.CragsiLogic.getFirstSemesterStartDate(CragsiLogic.java:326) ~[bin/:?]
	at ch.hesge.cragsi.loader.CragsiLogic.getFirstSemesterAccountingDate(CragsiLogic.java:466) ~[bin/:?]
	at ch.hesge.cragsi.loader.CragsiLoader.generateFDCAccountings(CragsiLoader.java:145) [bin/:?]
	at ch.hesge.cragsi.loader.CragsiLoader.start(CragsiLoader.java:114) [bin/:?]
	at ch.hesge.cragsi.loader.CragsiLoader.main(CragsiLoader.java:309) [bin/:?]
2015-11-17 23:10:33.188 [main] ERROR ch.hesge.cragsi.loader.CragsiLoader - FDC loading error
ch.hesge.cragsi.exceptions.ConfigurationException: missing property 'academicYear_S1' in configuration file
	at ch.hesge.cragsi.utils.PropertyUtils.getProperty(PropertyUtils.java:27) ~[bin/:?]
	at ch.hesge.cragsi.loader.CragsiLogic.getFirstSemesterStartDate(CragsiLogic.java:326) ~[bin/:?]
	at ch.hesge.cragsi.loader.CragsiLogic.getFirstSemesterAccountingDate(CragsiLogic.java:466) ~[bin/:?]
	at ch.hesge.cragsi.loader.CragsiLoader.generateFDCAccountings(CragsiLoader.java:145) [bin/:?]
	at ch.hesge.cragsi.loader.CragsiLoader.start(CragsiLoader.java:114) [bin/:?]
	at ch.hesge.cragsi.loader.CragsiLoader.main(CragsiLoader.java:309) [bin/:?]
2015-11-17 23:10:33.189 [main] ERROR ch.hesge.cragsi.loader.CragsiLoader - FDC loading error
ch.hesge.cragsi.exceptions.ConfigurationException: missing property 'academicYear_S1' in configuration file
	at ch.hesge.cragsi.utils.PropertyUtils.getProperty(PropertyUtils.java:27) ~[bin/:?]
	at ch.hesge.cragsi.loader.CragsiLogic.getFirstSemesterStartDate(CragsiLogic.java:326) ~[bin/:?]
	at ch.hesge.cragsi.loader.CragsiLogic.getFirstSemesterAccountingDate(CragsiLogic.java:466) ~[bin/:?]
	at ch.hesge.cragsi.loader.CragsiLoader.generateFDCAccountings(CragsiLoader.java:145) [bin/:?]
	at ch.hesge.cragsi.loader.CragsiLoader.start(CragsiLoader.java:114) [bin/:?]
	at ch.hesge.cragsi.loader.CragsiLoader.main(CragsiLoader.java:309) [bin/:?]
2015-11-17 23:10:33.190 [main] ERROR ch.hesge.cragsi.loader.CragsiLoader - FDC loading error
ch.hesge.cragsi.exceptions.ConfigurationException: missing property 'academicYear_S1' in configuration file
	at ch.hesge.cragsi.utils.PropertyUtils.getProperty(PropertyUtils.java:27) ~[bin/:?]
	at ch.hesge.cragsi.loader.CragsiLogic.getFirstSemesterStartDate(CragsiLogic.java:326) ~[bin/:?]
	at ch.hesge.cragsi.loader.CragsiLogic.getFirstSemesterAccountingDate(CragsiLogic.java:466) ~[bin/:?]
	at ch.hesge.cragsi.loader.CragsiLoader.generateFDCAccountings(CragsiLoader.java:145) [bin/:?]
	at ch.hesge.cragsi.loader.CragsiLoader.start(CragsiLoader.java:114) [bin/:?]
	at ch.hesge.cragsi.loader.CragsiLoader.main(CragsiLoader.java:309) [bin/:?]
2015-11-17 23:10:33.191 [main] ERROR ch.hesge.cragsi.loader.CragsiLoader - FDC loading error
ch.hesge.cragsi.exceptions.ConfigurationException: missing property 'academicYear_S1' in configuration file
	at ch.hesge.cragsi.utils.PropertyUtils.getProperty(PropertyUtils.java:27) ~[bin/:?]
	at ch.hesge.cragsi.loader.CragsiLogic.getFirstSemesterStartDate(CragsiLogic.java:326) ~[bin/:?]
	at ch.hesge.cragsi.loader.CragsiLogic.getFirstSemesterAccountingDate(CragsiLogic.java:466) ~[bin/:?]
	at ch.hesge.cragsi.loader.CragsiLoader.generateFDCAccountings(CragsiLoader.java:145) [bin/:?]
	at ch.hesge.cragsi.loader.CragsiLoader.start(CragsiLoader.java:114) [bin/:?]
	at ch.hesge.cragsi.loader.CragsiLoader.main(CragsiLoader.java:309) [bin/:?]
2015-11-17 23:10:33.192 [main] ERROR ch.hesge.cragsi.loader.CragsiLoader - FDC loading error
ch.hesge.cragsi.exceptions.ConfigurationException: missing property 'academicYear_S1' in configuration file
	at ch.hesge.cragsi.utils.PropertyUtils.getProperty(PropertyUtils.java:27) ~[bin/:?]
	at ch.hesge.cragsi.loader.CragsiLogic.getFirstSemesterStartDate(CragsiLogic.java:326) ~[bin/:?]
	at ch.hesge.cragsi.loader.CragsiLogic.getFirstSemesterAccountingDate(CragsiLogic.java:466) ~[bin/:?]
	at ch.hesge.cragsi.loader.CragsiLoader.generateFDCAccountings(CragsiLoader.java:145) [bin/:?]
	at ch.hesge.cragsi.loader.CragsiLoader.start(CragsiLoader.java:114) [bin/:?]
	at ch.hesge.cragsi.loader.CragsiLoader.main(CragsiLoader.java:309) [bin/:?]
2015-11-17 23:10:33.193 [main] ERROR ch.hesge.cragsi.loader.CragsiLoader - FDC loading error
ch.hesge.cragsi.exceptions.ConfigurationException: missing property 'academicYear_S1' in configuration file
	at ch.hesge.cragsi.utils.PropertyUtils.getProperty(PropertyUtils.java:27) ~[bin/:?]
	at ch.hesge.cragsi.loader.CragsiLogic.getFirstSemesterStartDate(CragsiLogic.java:326) ~[bin/:?]
	at ch.hesge.cragsi.loader.CragsiLogic.getFirstSemesterAccountingDate(CragsiLogic.java:466) ~[bin/:?]
	at ch.hesge.cragsi.loader.CragsiLoader.generateFDCAccountings(CragsiLoader.java:145) [bin/:?]
	at ch.hesge.cragsi.loader.CragsiLoader.start(CragsiLoader.java:114) [bin/:?]
	at ch.hesge.cragsi.loader.CragsiLoader.main(CragsiLoader.java:309) [bin/:?]
2015-11-17 23:10:33.194 [main] ERROR ch.hesge.cragsi.loader.CragsiLoader - FDC loading error
ch.hesge.cragsi.exceptions.ConfigurationException: missing property 'academicYear_S1' in configuration file
	at ch.hesge.cragsi.utils.PropertyUtils.getProperty(PropertyUtils.java:27) ~[bin/:?]
	at ch.hesge.cragsi.loader.CragsiLogic.getFirstSemesterStartDate(CragsiLogic.java:326) ~[bin/:?]
	at ch.hesge.cragsi.loader.CragsiLogic.getFirstSemesterAccountingDate(CragsiLogic.java:466) ~[bin/:?]
	at ch.hesge.cragsi.loader.CragsiLoader.generateFDCAccountings(CragsiLoader.java:145) [bin/:?]
	at ch.hesge.cragsi.loader.CragsiLoader.start(CragsiLoader.java:114) [bin/:?]
	at ch.hesge.cragsi.loader.CragsiLoader.main(CragsiLoader.java:309) [bin/:?]
2015-11-17 23:10:33.195 [main] ERROR ch.hesge.cragsi.loader.CragsiLoader - FDC loading error
ch.hesge.cragsi.exceptions.ConfigurationException: missing property 'academicYear_S1' in configuration file
	at ch.hesge.cragsi.utils.PropertyUtils.getProperty(PropertyUtils.java:27) ~[bin/:?]
	at ch.hesge.cragsi.loader.CragsiLogic.getFirstSemesterStartDate(CragsiLogic.java:326) ~[bin/:?]
	at ch.hesge.cragsi.loader.CragsiLogic.getFirstSemesterAccountingDate(CragsiLogic.java:466) ~[bin/:?]
	at ch.hesge.cragsi.loader.CragsiLoader.generateFDCAccountings(CragsiLoader.java:145) [bin/:?]
	at ch.hesge.cragsi.loader.CragsiLoader.start(CragsiLoader.java:114) [bin/:?]
	at ch.hesge.cragsi.loader.CragsiLoader.main(CragsiLoader.java:309) [bin/:?]
2015-11-17 23:10:33.196 [main] ERROR ch.hesge.cragsi.loader.CragsiLoader - FDC loading error
ch.hesge.cragsi.exceptions.ConfigurationException: missing property 'academicYear_S1' in configuration file
	at ch.hesge.cragsi.utils.PropertyUtils.getProperty(PropertyUtils.java:27) ~[bin/:?]
	at ch.hesge.cragsi.loader.CragsiLogic.getFirstSemesterStartDate(CragsiLogic.java:326) ~[bin/:?]
	at ch.hesge.cragsi.loader.CragsiLogic.getFirstSemesterAccountingDate(CragsiLogic.java:466) ~[bin/:?]
	at ch.hesge.cragsi.loader.CragsiLoader.generateFDCAccountings(CragsiLoader.java:145) [bin/:?]
	at ch.hesge.cragsi.loader.CragsiLoader.start(CragsiLoader.java:114) [bin/:?]
	at ch.hesge.cragsi.loader.CragsiLoader.main(CragsiLoader.java:309) [bin/:?]
2015-11-17 23:10:33.197 [main] ERROR ch.hesge.cragsi.loader.CragsiLoader - FDC loading error
ch.hesge.cragsi.exceptions.ConfigurationException: missing property 'academicYear_S1' in configuration file
	at ch.hesge.cragsi.utils.PropertyUtils.getProperty(PropertyUtils.java:27) ~[bin/:?]
	at ch.hesge.cragsi.loader.CragsiLogic.getFirstSemesterStartDate(CragsiLogic.java:326) ~[bin/:?]
	at ch.hesge.cragsi.loader.CragsiLogic.getFirstSemesterAccountingDate(CragsiLogic.java:466) ~[bin/:?]
	at ch.hesge.cragsi.loader.CragsiLoader.generateFDCAccountings(CragsiLoader.java:145) [bin/:?]
	at ch.hesge.cragsi.loader.CragsiLoader.start(CragsiLoader.java:114) [bin/:?]
	at ch.hesge.cragsi.loader.CragsiLoader.main(CragsiLoader.java:309) [bin/:?]
2015-11-17 23:10:33.200 [main] ERROR ch.hesge.cragsi.loader.CragsiLoader - FDC loading error
ch.hesge.cragsi.exceptions.ConfigurationException: missing property 'academicYear_S1' in configuration file
	at ch.hesge.cragsi.utils.PropertyUtils.getProperty(PropertyUtils.java:27) ~[bin/:?]
	at ch.hesge.cragsi.loader.CragsiLogic.getFirstSemesterStartDate(CragsiLogic.java:326) ~[bin/:?]
	at ch.hesge.cragsi.loader.CragsiLogic.getFirstSemesterAccountingDate(CragsiLogic.java:466) ~[bin/:?]
	at ch.hesge.cragsi.loader.CragsiLoader.generateFDCAccountings(CragsiLoader.java:145) [bin/:?]
	at ch.hesge.cragsi.loader.CragsiLoader.start(CragsiLoader.java:114) [bin/:?]
	at ch.hesge.cragsi.loader.CragsiLoader.main(CragsiLoader.java:309) [bin/:?]
2015-11-17 23:10:33.202 [main] ERROR ch.hesge.cragsi.loader.CragsiLoader - FDC loading error
ch.hesge.cragsi.exceptions.ConfigurationException: missing property 'academicYear_S1' in configuration file
	at ch.hesge.cragsi.utils.PropertyUtils.getProperty(PropertyUtils.java:27) ~[bin/:?]
	at ch.hesge.cragsi.loader.CragsiLogic.getFirstSemesterStartDate(CragsiLogic.java:326) ~[bin/:?]
	at ch.hesge.cragsi.loader.CragsiLogic.getFirstSemesterAccountingDate(CragsiLogic.java:466) ~[bin/:?]
	at ch.hesge.cragsi.loader.CragsiLoader.generateFDCAccountings(CragsiLoader.java:145) [bin/:?]
	at ch.hesge.cragsi.loader.CragsiLoader.start(CragsiLoader.java:114) [bin/:?]
	at ch.hesge.cragsi.loader.CragsiLoader.main(CragsiLoader.java:309) [bin/:?]
2015-11-17 23:10:33.204 [main] ERROR ch.hesge.cragsi.loader.CragsiLoader - FDC loading error
ch.hesge.cragsi.exceptions.ConfigurationException: missing property 'academicYear_S1' in configuration file
	at ch.hesge.cragsi.utils.PropertyUtils.getProperty(PropertyUtils.java:27) ~[bin/:?]
	at ch.hesge.cragsi.loader.CragsiLogic.getFirstSemesterStartDate(CragsiLogic.java:326) ~[bin/:?]
	at ch.hesge.cragsi.loader.CragsiLogic.getFirstSemesterAccountingDate(CragsiLogic.java:466) ~[bin/:?]
	at ch.hesge.cragsi.loader.CragsiLoader.generateFDCAccountings(CragsiLoader.java:145) [bin/:?]
	at ch.hesge.cragsi.loader.CragsiLoader.start(CragsiLoader.java:114) [bin/:?]
	at ch.hesge.cragsi.loader.CragsiLoader.main(CragsiLoader.java:309) [bin/:?]
2015-11-17 23:10:33.205 [main] ERROR ch.hesge.cragsi.loader.CragsiLoader - FDC loading error
ch.hesge.cragsi.exceptions.ConfigurationException: missing property 'academicYear_S1' in configuration file
	at ch.hesge.cragsi.utils.PropertyUtils.getProperty(PropertyUtils.java:27) ~[bin/:?]
	at ch.hesge.cragsi.loader.CragsiLogic.getFirstSemesterStartDate(CragsiLogic.java:326) ~[bin/:?]
	at ch.hesge.cragsi.loader.CragsiLogic.getFirstSemesterAccountingDate(CragsiLogic.java:466) ~[bin/:?]
	at ch.hesge.cragsi.loader.CragsiLoader.generateFDCAccountings(CragsiLoader.java:145) [bin/:?]
	at ch.hesge.cragsi.loader.CragsiLoader.start(CragsiLoader.java:114) [bin/:?]
	at ch.hesge.cragsi.loader.CragsiLoader.main(CragsiLoader.java:309) [bin/:?]
2015-11-17 23:10:33.206 [main] ERROR ch.hesge.cragsi.loader.CragsiLoader - FDC loading error
ch.hesge.cragsi.exceptions.ConfigurationException: missing property 'academicYear_S1' in configuration file
	at ch.hesge.cragsi.utils.PropertyUtils.getProperty(PropertyUtils.java:27) ~[bin/:?]
	at ch.hesge.cragsi.loader.CragsiLogic.getFirstSemesterStartDate(CragsiLogic.java:326) ~[bin/:?]
	at ch.hesge.cragsi.loader.CragsiLogic.getFirstSemesterAccountingDate(CragsiLogic.java:466) ~[bin/:?]
	at ch.hesge.cragsi.loader.CragsiLoader.generateFDCAccountings(CragsiLoader.java:145) [bin/:?]
	at ch.hesge.cragsi.loader.CragsiLoader.start(CragsiLoader.java:114) [bin/:?]
	at ch.hesge.cragsi.loader.CragsiLoader.main(CragsiLoader.java:309) [bin/:?]
2015-11-17 23:10:33.207 [main] ERROR ch.hesge.cragsi.loader.CragsiLoader - FDC loading error
ch.hesge.cragsi.exceptions.ConfigurationException: missing property 'academicYear_S1' in configuration file
	at ch.hesge.cragsi.utils.PropertyUtils.getProperty(PropertyUtils.java:27) ~[bin/:?]
	at ch.hesge.cragsi.loader.CragsiLogic.getFirstSemesterStartDate(CragsiLogic.java:326) ~[bin/:?]
	at ch.hesge.cragsi.loader.CragsiLogic.getFirstSemesterAccountingDate(CragsiLogic.java:466) ~[bin/:?]
	at ch.hesge.cragsi.loader.CragsiLoader.generateFDCAccountings(CragsiLoader.java:145) [bin/:?]
	at ch.hesge.cragsi.loader.CragsiLoader.start(CragsiLoader.java:114) [bin/:?]
	at ch.hesge.cragsi.loader.CragsiLoader.main(CragsiLoader.java:309) [bin/:?]
2015-11-17 23:10:33.208 [main] ERROR ch.hesge.cragsi.loader.CragsiLoader - FDC loading error
ch.hesge.cragsi.exceptions.ConfigurationException: missing property 'academicYear_S1' in configuration file
	at ch.hesge.cragsi.utils.PropertyUtils.getProperty(PropertyUtils.java:27) ~[bin/:?]
	at ch.hesge.cragsi.loader.CragsiLogic.getFirstSemesterStartDate(CragsiLogic.java:326) ~[bin/:?]
	at ch.hesge.cragsi.loader.CragsiLogic.getFirstSemesterAccountingDate(CragsiLogic.java:466) ~[bin/:?]
	at ch.hesge.cragsi.loader.CragsiLoader.generateFDCAccountings(CragsiLoader.java:145) [bin/:?]
	at ch.hesge.cragsi.loader.CragsiLoader.start(CragsiLoader.java:114) [bin/:?]
	at ch.hesge.cragsi.loader.CragsiLoader.main(CragsiLoader.java:309) [bin/:?]
2015-11-17 23:10:33.209 [main] ERROR ch.hesge.cragsi.loader.CragsiLoader - FDC loading error
ch.hesge.cragsi.exceptions.ConfigurationException: missing property 'academicYear_S1' in configuration file
	at ch.hesge.cragsi.utils.PropertyUtils.getProperty(PropertyUtils.java:27) ~[bin/:?]
	at ch.hesge.cragsi.loader.CragsiLogic.getFirstSemesterStartDate(CragsiLogic.java:326) ~[bin/:?]
	at ch.hesge.cragsi.loader.CragsiLogic.getFirstSemesterAccountingDate(CragsiLogic.java:466) ~[bin/:?]
	at ch.hesge.cragsi.loader.CragsiLoader.generateFDCAccountings(CragsiLoader.java:145) [bin/:?]
	at ch.hesge.cragsi.loader.CragsiLoader.start(CragsiLoader.java:114) [bin/:?]
	at ch.hesge.cragsi.loader.CragsiLoader.main(CragsiLoader.java:309) [bin/:?]
2015-11-17 23:10:33.210 [main] ERROR ch.hesge.cragsi.loader.CragsiLoader - FDC loading error
ch.hesge.cragsi.exceptions.ConfigurationException: missing property 'academicYear_S1' in configuration file
	at ch.hesge.cragsi.utils.PropertyUtils.getProperty(PropertyUtils.java:27) ~[bin/:?]
	at ch.hesge.cragsi.loader.CragsiLogic.getFirstSemesterStartDate(CragsiLogic.java:326) ~[bin/:?]
	at ch.hesge.cragsi.loader.CragsiLogic.getFirstSemesterAccountingDate(CragsiLogic.java:466) ~[bin/:?]
	at ch.hesge.cragsi.loader.CragsiLoader.generateFDCAccountings(CragsiLoader.java:145) [bin/:?]
	at ch.hesge.cragsi.loader.CragsiLoader.start(CragsiLoader.java:114) [bin/:?]
	at ch.hesge.cragsi.loader.CragsiLoader.main(CragsiLoader.java:309) [bin/:?]
2015-11-17 23:10:33.211 [main] ERROR ch.hesge.cragsi.loader.CragsiLoader - FDC loading error
ch.hesge.cragsi.exceptions.ConfigurationException: missing property 'academicYear_S1' in configuration file
	at ch.hesge.cragsi.utils.PropertyUtils.getProperty(PropertyUtils.java:27) ~[bin/:?]
	at ch.hesge.cragsi.loader.CragsiLogic.getFirstSemesterStartDate(CragsiLogic.java:326) ~[bin/:?]
	at ch.hesge.cragsi.loader.CragsiLogic.getFirstSemesterAccountingDate(CragsiLogic.java:466) ~[bin/:?]
	at ch.hesge.cragsi.loader.CragsiLoader.generateFDCAccountings(CragsiLoader.java:145) [bin/:?]
	at ch.hesge.cragsi.loader.CragsiLoader.start(CragsiLoader.java:114) [bin/:?]
	at ch.hesge.cragsi.loader.CragsiLoader.main(CragsiLoader.java:309) [bin/:?]
2015-11-17 23:10:33.212 [main] ERROR ch.hesge.cragsi.loader.CragsiLoader - FDC loading error
ch.hesge.cragsi.exceptions.ConfigurationException: missing property 'academicYear_S1' in configuration file
	at ch.hesge.cragsi.utils.PropertyUtils.getProperty(PropertyUtils.java:27) ~[bin/:?]
	at ch.hesge.cragsi.loader.CragsiLogic.getFirstSemesterStartDate(CragsiLogic.java:326) ~[bin/:?]
	at ch.hesge.cragsi.loader.CragsiLogic.getFirstSemesterAccountingDate(CragsiLogic.java:466) ~[bin/:?]
	at ch.hesge.cragsi.loader.CragsiLoader.generateFDCAccountings(CragsiLoader.java:145) [bin/:?]
	at ch.hesge.cragsi.loader.CragsiLoader.start(CragsiLoader.java:114) [bin/:?]
	at ch.hesge.cragsi.loader.CragsiLoader.main(CragsiLoader.java:309) [bin/:?]
2015-11-17 23:10:33.216 [main] ERROR ch.hesge.cragsi.loader.CragsiLoader - FDC loading error
ch.hesge.cragsi.exceptions.ConfigurationException: missing property 'academicYear_S1' in configuration file
	at ch.hesge.cragsi.utils.PropertyUtils.getProperty(PropertyUtils.java:27) ~[bin/:?]
	at ch.hesge.cragsi.loader.CragsiLogic.getFirstSemesterStartDate(CragsiLogic.java:326) ~[bin/:?]
	at ch.hesge.cragsi.loader.CragsiLogic.getFirstSemesterAccountingDate(CragsiLogic.java:466) ~[bin/:?]
	at ch.hesge.cragsi.loader.CragsiLoader.generateFDCAccountings(CragsiLoader.java:145) [bin/:?]
	at ch.hesge.cragsi.loader.CragsiLoader.start(CragsiLoader.java:114) [bin/:?]
	at ch.hesge.cragsi.loader.CragsiLoader.main(CragsiLoader.java:309) [bin/:?]
2015-11-17 23:10:33.257 [main] ERROR ch.hesge.cragsi.loader.CragsiLoader - FDC loading error
ch.hesge.cragsi.exceptions.ConfigurationException: missing property 'academicYear_S1' in configuration file
	at ch.hesge.cragsi.utils.PropertyUtils.getProperty(PropertyUtils.java:27) ~[bin/:?]
	at ch.hesge.cragsi.loader.CragsiLogic.getFirstSemesterStartDate(CragsiLogic.java:326) ~[bin/:?]
	at ch.hesge.cragsi.loader.CragsiLogic.getFirstSemesterAccountingDate(CragsiLogic.java:466) ~[bin/:?]
	at ch.hesge.cragsi.loader.CragsiLoader.generateFDCAccountings(CragsiLoader.java:145) [bin/:?]
	at ch.hesge.cragsi.loader.CragsiLoader.start(CragsiLoader.java:114) [bin/:?]
	at ch.hesge.cragsi.loader.CragsiLoader.main(CragsiLoader.java:309) [bin/:?]
2015-11-17 23:10:33.258 [main] ERROR ch.hesge.cragsi.loader.CragsiLoader - FDC loading error
ch.hesge.cragsi.exceptions.ConfigurationException: missing property 'academicYear_S1' in configuration file
	at ch.hesge.cragsi.utils.PropertyUtils.getProperty(PropertyUtils.java:27) ~[bin/:?]
	at ch.hesge.cragsi.loader.CragsiLogic.getFirstSemesterStartDate(CragsiLogic.java:326) ~[bin/:?]
	at ch.hesge.cragsi.loader.CragsiLogic.getFirstSemesterAccountingDate(CragsiLogic.java:466) ~[bin/:?]
	at ch.hesge.cragsi.loader.CragsiLoader.generateFDCAccountings(CragsiLoader.java:145) [bin/:?]
	at ch.hesge.cragsi.loader.CragsiLoader.start(CragsiLoader.java:114) [bin/:?]
	at ch.hesge.cragsi.loader.CragsiLoader.main(CragsiLoader.java:309) [bin/:?]
2015-11-17 23:10:33.259 [main] ERROR ch.hesge.cragsi.loader.CragsiLoader - FDC loading error
ch.hesge.cragsi.exceptions.ConfigurationException: missing property 'academicYear_S1' in configuration file
	at ch.hesge.cragsi.utils.PropertyUtils.getProperty(PropertyUtils.java:27) ~[bin/:?]
	at ch.hesge.cragsi.loader.CragsiLogic.getFirstSemesterStartDate(CragsiLogic.java:326) ~[bin/:?]
	at ch.hesge.cragsi.loader.CragsiLogic.getFirstSemesterAccountingDate(CragsiLogic.java:466) ~[bin/:?]
	at ch.hesge.cragsi.loader.CragsiLoader.generateFDCAccountings(CragsiLoader.java:145) [bin/:?]
	at ch.hesge.cragsi.loader.CragsiLoader.start(CragsiLoader.java:114) [bin/:?]
	at ch.hesge.cragsi.loader.CragsiLoader.main(CragsiLoader.java:309) [bin/:?]
2015-11-17 23:10:33.261 [main] ERROR ch.hesge.cragsi.loader.CragsiLoader - FDC loading error
ch.hesge.cragsi.exceptions.ConfigurationException: missing property 'academicYear_S1' in configuration file
	at ch.hesge.cragsi.utils.PropertyUtils.getProperty(PropertyUtils.java:27) ~[bin/:?]
	at ch.hesge.cragsi.loader.CragsiLogic.getFirstSemesterStartDate(CragsiLogic.java:326) ~[bin/:?]
	at ch.hesge.cragsi.loader.CragsiLogic.getFirstSemesterAccountingDate(CragsiLogic.java:466) ~[bin/:?]
	at ch.hesge.cragsi.loader.CragsiLoader.generateFDCAccountings(CragsiLoader.java:145) [bin/:?]
	at ch.hesge.cragsi.loader.CragsiLoader.start(CragsiLoader.java:114) [bin/:?]
	at ch.hesge.cragsi.loader.CragsiLoader.main(CragsiLoader.java:309) [bin/:?]
2015-11-17 23:10:33.262 [main] ERROR ch.hesge.cragsi.loader.CragsiLoader - FDC loading error
ch.hesge.cragsi.exceptions.ConfigurationException: missing property 'academicYear_S1' in configuration file
	at ch.hesge.cragsi.utils.PropertyUtils.getProperty(PropertyUtils.java:27) ~[bin/:?]
	at ch.hesge.cragsi.loader.CragsiLogic.getFirstSemesterStartDate(CragsiLogic.java:326) ~[bin/:?]
	at ch.hesge.cragsi.loader.CragsiLogic.getFirstSemesterAccountingDate(CragsiLogic.java:466) ~[bin/:?]
	at ch.hesge.cragsi.loader.CragsiLoader.generateFDCAccountings(CragsiLoader.java:145) [bin/:?]
	at ch.hesge.cragsi.loader.CragsiLoader.start(CragsiLoader.java:114) [bin/:?]
	at ch.hesge.cragsi.loader.CragsiLoader.main(CragsiLoader.java:309) [bin/:?]
2015-11-17 23:10:33.263 [main] ERROR ch.hesge.cragsi.loader.CragsiLoader - FDC loading error
ch.hesge.cragsi.exceptions.ConfigurationException: missing property 'academicYear_S1' in configuration file
	at ch.hesge.cragsi.utils.PropertyUtils.getProperty(PropertyUtils.java:27) ~[bin/:?]
	at ch.hesge.cragsi.loader.CragsiLogic.getFirstSemesterStartDate(CragsiLogic.java:326) ~[bin/:?]
	at ch.hesge.cragsi.loader.CragsiLogic.getFirstSemesterAccountingDate(CragsiLogic.java:466) ~[bin/:?]
	at ch.hesge.cragsi.loader.CragsiLoader.generateFDCAccountings(CragsiLoader.java:145) [bin/:?]
	at ch.hesge.cragsi.loader.CragsiLoader.start(CragsiLoader.java:114) [bin/:?]
	at ch.hesge.cragsi.loader.CragsiLoader.main(CragsiLoader.java:309) [bin/:?]
2015-11-17 23:10:33.264 [main] ERROR ch.hesge.cragsi.loader.CragsiLoader - FDC loading error
ch.hesge.cragsi.exceptions.ConfigurationException: missing property 'academicYear_S1' in configuration file
	at ch.hesge.cragsi.utils.PropertyUtils.getProperty(PropertyUtils.java:27) ~[bin/:?]
	at ch.hesge.cragsi.loader.CragsiLogic.getFirstSemesterStartDate(CragsiLogic.java:326) ~[bin/:?]
	at ch.hesge.cragsi.loader.CragsiLogic.getFirstSemesterAccountingDate(CragsiLogic.java:466) ~[bin/:?]
	at ch.hesge.cragsi.loader.CragsiLoader.generateFDCAccountings(CragsiLoader.java:145) [bin/:?]
	at ch.hesge.cragsi.loader.CragsiLoader.start(CragsiLoader.java:114) [bin/:?]
	at ch.hesge.cragsi.loader.CragsiLoader.main(CragsiLoader.java:309) [bin/:?]
2015-11-17 23:10:33.265 [main] ERROR ch.hesge.cragsi.loader.CragsiLoader - FDC loading error
ch.hesge.cragsi.exceptions.ConfigurationException: missing property 'academicYear_S1' in configuration file
	at ch.hesge.cragsi.utils.PropertyUtils.getProperty(PropertyUtils.java:27) ~[bin/:?]
	at ch.hesge.cragsi.loader.CragsiLogic.getFirstSemesterStartDate(CragsiLogic.java:326) ~[bin/:?]
	at ch.hesge.cragsi.loader.CragsiLogic.getFirstSemesterAccountingDate(CragsiLogic.java:466) ~[bin/:?]
	at ch.hesge.cragsi.loader.CragsiLoader.generateFDCAccountings(CragsiLoader.java:145) [bin/:?]
	at ch.hesge.cragsi.loader.CragsiLoader.start(CragsiLoader.java:114) [bin/:?]
	at ch.hesge.cragsi.loader.CragsiLoader.main(CragsiLoader.java:309) [bin/:?]
2015-11-17 23:10:33.266 [main] ERROR ch.hesge.cragsi.loader.CragsiLoader - FDC loading error
ch.hesge.cragsi.exceptions.ConfigurationException: missing property 'academicYear_S1' in configuration file
	at ch.hesge.cragsi.utils.PropertyUtils.getProperty(PropertyUtils.java:27) ~[bin/:?]
	at ch.hesge.cragsi.loader.CragsiLogic.getFirstSemesterStartDate(CragsiLogic.java:326) ~[bin/:?]
	at ch.hesge.cragsi.loader.CragsiLogic.getFirstSemesterAccountingDate(CragsiLogic.java:466) ~[bin/:?]
	at ch.hesge.cragsi.loader.CragsiLoader.generateFDCAccountings(CragsiLoader.java:145) [bin/:?]
	at ch.hesge.cragsi.loader.CragsiLoader.start(CragsiLoader.java:114) [bin/:?]
	at ch.hesge.cragsi.loader.CragsiLoader.main(CragsiLoader.java:309) [bin/:?]
2015-11-17 23:10:33.267 [main] ERROR ch.hesge.cragsi.loader.CragsiLoader - FDC loading error
ch.hesge.cragsi.exceptions.ConfigurationException: missing property 'academicYear_S1' in configuration file
	at ch.hesge.cragsi.utils.PropertyUtils.getProperty(PropertyUtils.java:27) ~[bin/:?]
	at ch.hesge.cragsi.loader.CragsiLogic.getFirstSemesterStartDate(CragsiLogic.java:326) ~[bin/:?]
	at ch.hesge.cragsi.loader.CragsiLogic.getFirstSemesterAccountingDate(CragsiLogic.java:466) ~[bin/:?]
	at ch.hesge.cragsi.loader.CragsiLoader.generateFDCAccountings(CragsiLoader.java:145) [bin/:?]
	at ch.hesge.cragsi.loader.CragsiLoader.start(CragsiLoader.java:114) [bin/:?]
	at ch.hesge.cragsi.loader.CragsiLoader.main(CragsiLoader.java:309) [bin/:?]
2015-11-17 23:10:33.268 [main] ERROR ch.hesge.cragsi.loader.CragsiLoader - FDC loading error
ch.hesge.cragsi.exceptions.ConfigurationException: missing property 'academicYear_S1' in configuration file
	at ch.hesge.cragsi.utils.PropertyUtils.getProperty(PropertyUtils.java:27) ~[bin/:?]
	at ch.hesge.cragsi.loader.CragsiLogic.getFirstSemesterStartDate(CragsiLogic.java:326) ~[bin/:?]
	at ch.hesge.cragsi.loader.CragsiLogic.getFirstSemesterAccountingDate(CragsiLogic.java:466) ~[bin/:?]
	at ch.hesge.cragsi.loader.CragsiLoader.generateFDCAccountings(CragsiLoader.java:145) [bin/:?]
	at ch.hesge.cragsi.loader.CragsiLoader.start(CragsiLoader.java:114) [bin/:?]
	at ch.hesge.cragsi.loader.CragsiLoader.main(CragsiLoader.java:309) [bin/:?]
2015-11-17 23:10:33.270 [main] ERROR ch.hesge.cragsi.loader.CragsiLoader - FDC loading error
ch.hesge.cragsi.exceptions.ConfigurationException: missing property 'academicYear_S1' in configuration file
	at ch.hesge.cragsi.utils.PropertyUtils.getProperty(PropertyUtils.java:27) ~[bin/:?]
	at ch.hesge.cragsi.loader.CragsiLogic.getFirstSemesterStartDate(CragsiLogic.java:326) ~[bin/:?]
	at ch.hesge.cragsi.loader.CragsiLogic.getFirstSemesterAccountingDate(CragsiLogic.java:466) ~[bin/:?]
	at ch.hesge.cragsi.loader.CragsiLoader.generateFDCAccountings(CragsiLoader.java:145) [bin/:?]
	at ch.hesge.cragsi.loader.CragsiLoader.start(CragsiLoader.java:114) [bin/:?]
	at ch.hesge.cragsi.loader.CragsiLoader.main(CragsiLoader.java:309) [bin/:?]
2015-11-17 23:10:33.271 [main] ERROR ch.hesge.cragsi.loader.CragsiLoader - FDC loading error
ch.hesge.cragsi.exceptions.ConfigurationException: missing property 'academicYear_S1' in configuration file
	at ch.hesge.cragsi.utils.PropertyUtils.getProperty(PropertyUtils.java:27) ~[bin/:?]
	at ch.hesge.cragsi.loader.CragsiLogic.getFirstSemesterStartDate(CragsiLogic.java:326) ~[bin/:?]
	at ch.hesge.cragsi.loader.CragsiLogic.getFirstSemesterAccountingDate(CragsiLogic.java:466) ~[bin/:?]
	at ch.hesge.cragsi.loader.CragsiLoader.generateFDCAccountings(CragsiLoader.java:145) [bin/:?]
	at ch.hesge.cragsi.loader.CragsiLoader.start(CragsiLoader.java:114) [bin/:?]
	at ch.hesge.cragsi.loader.CragsiLoader.main(CragsiLoader.java:309) [bin/:?]
2015-11-17 23:10:33.272 [main] ERROR ch.hesge.cragsi.loader.CragsiLoader - FDC loading error
ch.hesge.cragsi.exceptions.ConfigurationException: missing property 'academicYear_S1' in configuration file
	at ch.hesge.cragsi.utils.PropertyUtils.getProperty(PropertyUtils.java:27) ~[bin/:?]
	at ch.hesge.cragsi.loader.CragsiLogic.getFirstSemesterStartDate(CragsiLogic.java:326) ~[bin/:?]
	at ch.hesge.cragsi.loader.CragsiLogic.getFirstSemesterAccountingDate(CragsiLogic.java:466) ~[bin/:?]
	at ch.hesge.cragsi.loader.CragsiLoader.generateFDCAccountings(CragsiLoader.java:145) [bin/:?]
	at ch.hesge.cragsi.loader.CragsiLoader.start(CragsiLoader.java:114) [bin/:?]
	at ch.hesge.cragsi.loader.CragsiLoader.main(CragsiLoader.java:309) [bin/:?]
2015-11-17 23:10:33.273 [main] ERROR ch.hesge.cragsi.loader.CragsiLoader - FDC loading error
ch.hesge.cragsi.exceptions.ConfigurationException: missing property 'academicYear_S1' in configuration file
	at ch.hesge.cragsi.utils.PropertyUtils.getProperty(PropertyUtils.java:27) ~[bin/:?]
	at ch.hesge.cragsi.loader.CragsiLogic.getFirstSemesterStartDate(CragsiLogic.java:326) ~[bin/:?]
	at ch.hesge.cragsi.loader.CragsiLogic.getFirstSemesterAccountingDate(CragsiLogic.java:466) ~[bin/:?]
	at ch.hesge.cragsi.loader.CragsiLoader.generateFDCAccountings(CragsiLoader.java:145) [bin/:?]
	at ch.hesge.cragsi.loader.CragsiLoader.start(CragsiLoader.java:114) [bin/:?]
	at ch.hesge.cragsi.loader.CragsiLoader.main(CragsiLoader.java:309) [bin/:?]
2015-11-17 23:10:33.273 [main] ERROR ch.hesge.cragsi.loader.CragsiLoader - FDC loading error
ch.hesge.cragsi.exceptions.ConfigurationException: missing property 'academicYear_S1' in configuration file
	at ch.hesge.cragsi.utils.PropertyUtils.getProperty(PropertyUtils.java:27) ~[bin/:?]
	at ch.hesge.cragsi.loader.CragsiLogic.getFirstSemesterStartDate(CragsiLogic.java:326) ~[bin/:?]
	at ch.hesge.cragsi.loader.CragsiLogic.getFirstSemesterAccountingDate(CragsiLogic.java:466) ~[bin/:?]
	at ch.hesge.cragsi.loader.CragsiLoader.generateFDCAccountings(CragsiLoader.java:145) [bin/:?]
	at ch.hesge.cragsi.loader.CragsiLoader.start(CragsiLoader.java:114) [bin/:?]
	at ch.hesge.cragsi.loader.CragsiLoader.main(CragsiLoader.java:309) [bin/:?]
2015-11-17 23:10:33.274 [main] ERROR ch.hesge.cragsi.loader.CragsiLoader - FDC loading error
ch.hesge.cragsi.exceptions.ConfigurationException: missing property 'academicYear_S1' in configuration file
	at ch.hesge.cragsi.utils.PropertyUtils.getProperty(PropertyUtils.java:27) ~[bin/:?]
	at ch.hesge.cragsi.loader.CragsiLogic.getFirstSemesterStartDate(CragsiLogic.java:326) ~[bin/:?]
	at ch.hesge.cragsi.loader.CragsiLogic.getFirstSemesterAccountingDate(CragsiLogic.java:466) ~[bin/:?]
	at ch.hesge.cragsi.loader.CragsiLoader.generateFDCAccountings(CragsiLoader.java:145) [bin/:?]
	at ch.hesge.cragsi.loader.CragsiLoader.start(CragsiLoader.java:114) [bin/:?]
	at ch.hesge.cragsi.loader.CragsiLoader.main(CragsiLoader.java:309) [bin/:?]
2015-11-17 23:10:33.275 [main] ERROR ch.hesge.cragsi.loader.CragsiLoader - FDC loading error
ch.hesge.cragsi.exceptions.ConfigurationException: missing property 'academicYear_S1' in configuration file
	at ch.hesge.cragsi.utils.PropertyUtils.getProperty(PropertyUtils.java:27) ~[bin/:?]
	at ch.hesge.cragsi.loader.CragsiLogic.getFirstSemesterStartDate(CragsiLogic.java:326) ~[bin/:?]
	at ch.hesge.cragsi.loader.CragsiLogic.getFirstSemesterAccountingDate(CragsiLogic.java:466) ~[bin/:?]
	at ch.hesge.cragsi.loader.CragsiLoader.generateFDCAccountings(CragsiLoader.java:145) [bin/:?]
	at ch.hesge.cragsi.loader.CragsiLoader.start(CragsiLoader.java:114) [bin/:?]
	at ch.hesge.cragsi.loader.CragsiLoader.main(CragsiLoader.java:309) [bin/:?]
2015-11-17 23:10:33.276 [main] ERROR ch.hesge.cragsi.loader.CragsiLoader - FDC loading error
ch.hesge.cragsi.exceptions.ConfigurationException: missing property 'academicYear_S1' in configuration file
	at ch.hesge.cragsi.utils.PropertyUtils.getProperty(PropertyUtils.java:27) ~[bin/:?]
	at ch.hesge.cragsi.loader.CragsiLogic.getFirstSemesterStartDate(CragsiLogic.java:326) ~[bin/:?]
	at ch.hesge.cragsi.loader.CragsiLogic.getFirstSemesterAccountingDate(CragsiLogic.java:466) ~[bin/:?]
	at ch.hesge.cragsi.loader.CragsiLoader.generateFDCAccountings(CragsiLoader.java:145) [bin/:?]
	at ch.hesge.cragsi.loader.CragsiLoader.start(CragsiLoader.java:114) [bin/:?]
	at ch.hesge.cragsi.loader.CragsiLoader.main(CragsiLoader.java:309) [bin/:?]
2015-11-17 23:10:33.277 [main] ERROR ch.hesge.cragsi.loader.CragsiLoader - FDC loading error
ch.hesge.cragsi.exceptions.ConfigurationException: missing property 'academicYear_S1' in configuration file
	at ch.hesge.cragsi.utils.PropertyUtils.getProperty(PropertyUtils.java:27) ~[bin/:?]
	at ch.hesge.cragsi.loader.CragsiLogic.getFirstSemesterStartDate(CragsiLogic.java:326) ~[bin/:?]
	at ch.hesge.cragsi.loader.CragsiLogic.getFirstSemesterAccountingDate(CragsiLogic.java:466) ~[bin/:?]
	at ch.hesge.cragsi.loader.CragsiLoader.generateFDCAccountings(CragsiLoader.java:145) [bin/:?]
	at ch.hesge.cragsi.loader.CragsiLoader.start(CragsiLoader.java:114) [bin/:?]
	at ch.hesge.cragsi.loader.CragsiLoader.main(CragsiLoader.java:309) [bin/:?]
2015-11-17 23:10:33.278 [main] ERROR ch.hesge.cragsi.loader.CragsiLoader - FDC loading error
ch.hesge.cragsi.exceptions.ConfigurationException: missing property 'academicYear_S1' in configuration file
	at ch.hesge.cragsi.utils.PropertyUtils.getProperty(PropertyUtils.java:27) ~[bin/:?]
	at ch.hesge.cragsi.loader.CragsiLogic.getFirstSemesterStartDate(CragsiLogic.java:326) ~[bin/:?]
	at ch.hesge.cragsi.loader.CragsiLogic.getFirstSemesterAccountingDate(CragsiLogic.java:466) ~[bin/:?]
	at ch.hesge.cragsi.loader.CragsiLoader.generateFDCAccountings(CragsiLoader.java:145) [bin/:?]
	at ch.hesge.cragsi.loader.CragsiLoader.start(CragsiLoader.java:114) [bin/:?]
	at ch.hesge.cragsi.loader.CragsiLoader.main(CragsiLoader.java:309) [bin/:?]
2015-11-17 23:10:33.278 [main] ERROR ch.hesge.cragsi.loader.CragsiLoader - FDC loading error
ch.hesge.cragsi.exceptions.ConfigurationException: missing property 'academicYear_S1' in configuration file
	at ch.hesge.cragsi.utils.PropertyUtils.getProperty(PropertyUtils.java:27) ~[bin/:?]
	at ch.hesge.cragsi.loader.CragsiLogic.getFirstSemesterStartDate(CragsiLogic.java:326) ~[bin/:?]
	at ch.hesge.cragsi.loader.CragsiLogic.getFirstSemesterAccountingDate(CragsiLogic.java:466) ~[bin/:?]
	at ch.hesge.cragsi.loader.CragsiLoader.generateFDCAccountings(CragsiLoader.java:145) [bin/:?]
	at ch.hesge.cragsi.loader.CragsiLoader.start(CragsiLoader.java:114) [bin/:?]
	at ch.hesge.cragsi.loader.CragsiLoader.main(CragsiLoader.java:309) [bin/:?]
2015-11-17 23:10:33.279 [main] ERROR ch.hesge.cragsi.loader.CragsiLoader - FDC loading error
ch.hesge.cragsi.exceptions.ConfigurationException: missing property 'academicYear_S1' in configuration file
	at ch.hesge.cragsi.utils.PropertyUtils.getProperty(PropertyUtils.java:27) ~[bin/:?]
	at ch.hesge.cragsi.loader.CragsiLogic.getFirstSemesterStartDate(CragsiLogic.java:326) ~[bin/:?]
	at ch.hesge.cragsi.loader.CragsiLogic.getFirstSemesterAccountingDate(CragsiLogic.java:466) ~[bin/:?]
	at ch.hesge.cragsi.loader.CragsiLoader.generateFDCAccountings(CragsiLoader.java:145) [bin/:?]
	at ch.hesge.cragsi.loader.CragsiLoader.start(CragsiLoader.java:114) [bin/:?]
	at ch.hesge.cragsi.loader.CragsiLoader.main(CragsiLoader.java:309) [bin/:?]
2015-11-17 23:10:33.280 [main] ERROR ch.hesge.cragsi.loader.CragsiLoader - FDC loading error
ch.hesge.cragsi.exceptions.ConfigurationException: missing property 'academicYear_S1' in configuration file
	at ch.hesge.cragsi.utils.PropertyUtils.getProperty(PropertyUtils.java:27) ~[bin/:?]
	at ch.hesge.cragsi.loader.CragsiLogic.getFirstSemesterStartDate(CragsiLogic.java:326) ~[bin/:?]
	at ch.hesge.cragsi.loader.CragsiLogic.getFirstSemesterAccountingDate(CragsiLogic.java:466) ~[bin/:?]
	at ch.hesge.cragsi.loader.CragsiLoader.generateFDCAccountings(CragsiLoader.java:145) [bin/:?]
	at ch.hesge.cragsi.loader.CragsiLoader.start(CragsiLoader.java:114) [bin/:?]
	at ch.hesge.cragsi.loader.CragsiLoader.main(CragsiLoader.java:309) [bin/:?]
2015-11-17 23:10:33.282 [main] ERROR ch.hesge.cragsi.loader.CragsiLoader - FDC loading error
ch.hesge.cragsi.exceptions.ConfigurationException: missing property 'academicYear_S1' in configuration file
	at ch.hesge.cragsi.utils.PropertyUtils.getProperty(PropertyUtils.java:27) ~[bin/:?]
	at ch.hesge.cragsi.loader.CragsiLogic.getFirstSemesterStartDate(CragsiLogic.java:326) ~[bin/:?]
	at ch.hesge.cragsi.loader.CragsiLogic.getFirstSemesterAccountingDate(CragsiLogic.java:466) ~[bin/:?]
	at ch.hesge.cragsi.loader.CragsiLoader.generateFDCAccountings(CragsiLoader.java:145) [bin/:?]
	at ch.hesge.cragsi.loader.CragsiLoader.start(CragsiLoader.java:114) [bin/:?]
	at ch.hesge.cragsi.loader.CragsiLoader.main(CragsiLoader.java:309) [bin/:?]
2015-11-17 23:10:33.283 [main] ERROR ch.hesge.cragsi.loader.CragsiLoader - FDC loading error
ch.hesge.cragsi.exceptions.ConfigurationException: missing property 'academicYear_S1' in configuration file
	at ch.hesge.cragsi.utils.PropertyUtils.getProperty(PropertyUtils.java:27) ~[bin/:?]
	at ch.hesge.cragsi.loader.CragsiLogic.getFirstSemesterStartDate(CragsiLogic.java:326) ~[bin/:?]
	at ch.hesge.cragsi.loader.CragsiLogic.getFirstSemesterAccountingDate(CragsiLogic.java:466) ~[bin/:?]
	at ch.hesge.cragsi.loader.CragsiLoader.generateFDCAccountings(CragsiLoader.java:145) [bin/:?]
	at ch.hesge.cragsi.loader.CragsiLoader.start(CragsiLoader.java:114) [bin/:?]
	at ch.hesge.cragsi.loader.CragsiLoader.main(CragsiLoader.java:309) [bin/:?]
2015-11-17 23:10:33.283 [main] ERROR ch.hesge.cragsi.loader.CragsiLoader - FDC loading error
ch.hesge.cragsi.exceptions.ConfigurationException: missing property 'academicYear_S1' in configuration file
	at ch.hesge.cragsi.utils.PropertyUtils.getProperty(PropertyUtils.java:27) ~[bin/:?]
	at ch.hesge.cragsi.loader.CragsiLogic.getFirstSemesterStartDate(CragsiLogic.java:326) ~[bin/:?]
	at ch.hesge.cragsi.loader.CragsiLogic.getFirstSemesterAccountingDate(CragsiLogic.java:466) ~[bin/:?]
	at ch.hesge.cragsi.loader.CragsiLoader.generateFDCAccountings(CragsiLoader.java:145) [bin/:?]
	at ch.hesge.cragsi.loader.CragsiLoader.start(CragsiLoader.java:114) [bin/:?]
	at ch.hesge.cragsi.loader.CragsiLoader.main(CragsiLoader.java:309) [bin/:?]
2015-11-17 23:10:33.284 [main] ERROR ch.hesge.cragsi.loader.CragsiLoader - FDC loading error
ch.hesge.cragsi.exceptions.ConfigurationException: missing property 'academicYear_S1' in configuration file
	at ch.hesge.cragsi.utils.PropertyUtils.getProperty(PropertyUtils.java:27) ~[bin/:?]
	at ch.hesge.cragsi.loader.CragsiLogic.getFirstSemesterStartDate(CragsiLogic.java:326) ~[bin/:?]
	at ch.hesge.cragsi.loader.CragsiLogic.getFirstSemesterAccountingDate(CragsiLogic.java:466) ~[bin/:?]
	at ch.hesge.cragsi.loader.CragsiLoader.generateFDCAccountings(CragsiLoader.java:145) [bin/:?]
	at ch.hesge.cragsi.loader.CragsiLoader.start(CragsiLoader.java:114) [bin/:?]
	at ch.hesge.cragsi.loader.CragsiLoader.main(CragsiLoader.java:309) [bin/:?]
2015-11-17 23:10:33.285 [main] ERROR ch.hesge.cragsi.loader.CragsiLoader - FDC loading error
ch.hesge.cragsi.exceptions.ConfigurationException: missing property 'academicYear_S1' in configuration file
	at ch.hesge.cragsi.utils.PropertyUtils.getProperty(PropertyUtils.java:27) ~[bin/:?]
	at ch.hesge.cragsi.loader.CragsiLogic.getFirstSemesterStartDate(CragsiLogic.java:326) ~[bin/:?]
	at ch.hesge.cragsi.loader.CragsiLogic.getFirstSemesterAccountingDate(CragsiLogic.java:466) ~[bin/:?]
	at ch.hesge.cragsi.loader.CragsiLoader.generateFDCAccountings(CragsiLoader.java:145) [bin/:?]
	at ch.hesge.cragsi.loader.CragsiLoader.start(CragsiLoader.java:114) [bin/:?]
	at ch.hesge.cragsi.loader.CragsiLoader.main(CragsiLoader.java:309) [bin/:?]
2015-11-17 23:10:33.286 [main] ERROR ch.hesge.cragsi.loader.CragsiLoader - FDC loading error
ch.hesge.cragsi.exceptions.ConfigurationException: missing property 'academicYear_S1' in configuration file
	at ch.hesge.cragsi.utils.PropertyUtils.getProperty(PropertyUtils.java:27) ~[bin/:?]
	at ch.hesge.cragsi.loader.CragsiLogic.getFirstSemesterStartDate(CragsiLogic.java:326) ~[bin/:?]
	at ch.hesge.cragsi.loader.CragsiLogic.getFirstSemesterAccountingDate(CragsiLogic.java:466) ~[bin/:?]
	at ch.hesge.cragsi.loader.CragsiLoader.generateFDCAccountings(CragsiLoader.java:145) [bin/:?]
	at ch.hesge.cragsi.loader.CragsiLoader.start(CragsiLoader.java:114) [bin/:?]
	at ch.hesge.cragsi.loader.CragsiLoader.main(CragsiLoader.java:309) [bin/:?]
2015-11-17 23:10:33.287 [main] ERROR ch.hesge.cragsi.loader.CragsiLoader - FDC loading error
ch.hesge.cragsi.exceptions.ConfigurationException: missing property 'academicYear_S1' in configuration file
	at ch.hesge.cragsi.utils.PropertyUtils.getProperty(PropertyUtils.java:27) ~[bin/:?]
	at ch.hesge.cragsi.loader.CragsiLogic.getFirstSemesterStartDate(CragsiLogic.java:326) ~[bin/:?]
	at ch.hesge.cragsi.loader.CragsiLogic.getFirstSemesterAccountingDate(CragsiLogic.java:466) ~[bin/:?]
	at ch.hesge.cragsi.loader.CragsiLoader.generateFDCAccountings(CragsiLoader.java:145) [bin/:?]
	at ch.hesge.cragsi.loader.CragsiLoader.start(CragsiLoader.java:114) [bin/:?]
	at ch.hesge.cragsi.loader.CragsiLoader.main(CragsiLoader.java:309) [bin/:?]
2015-11-17 23:10:33.288 [main] ERROR ch.hesge.cragsi.loader.CragsiLoader - FDC loading error
ch.hesge.cragsi.exceptions.ConfigurationException: missing property 'academicYear_S1' in configuration file
	at ch.hesge.cragsi.utils.PropertyUtils.getProperty(PropertyUtils.java:27) ~[bin/:?]
	at ch.hesge.cragsi.loader.CragsiLogic.getFirstSemesterStartDate(CragsiLogic.java:326) ~[bin/:?]
	at ch.hesge.cragsi.loader.CragsiLogic.getFirstSemesterAccountingDate(CragsiLogic.java:466) ~[bin/:?]
	at ch.hesge.cragsi.loader.CragsiLoader.generateFDCAccountings(CragsiLoader.java:145) [bin/:?]
	at ch.hesge.cragsi.loader.CragsiLoader.start(CragsiLoader.java:114) [bin/:?]
	at ch.hesge.cragsi.loader.CragsiLoader.main(CragsiLoader.java:309) [bin/:?]
2015-11-17 23:10:33.289 [main] ERROR ch.hesge.cragsi.loader.CragsiLoader - FDC loading error
ch.hesge.cragsi.exceptions.ConfigurationException: missing property 'academicYear_S1' in configuration file
	at ch.hesge.cragsi.utils.PropertyUtils.getProperty(PropertyUtils.java:27) ~[bin/:?]
	at ch.hesge.cragsi.loader.CragsiLogic.getFirstSemesterStartDate(CragsiLogic.java:326) ~[bin/:?]
	at ch.hesge.cragsi.loader.CragsiLogic.getFirstSemesterAccountingDate(CragsiLogic.java:466) ~[bin/:?]
	at ch.hesge.cragsi.loader.CragsiLoader.generateFDCAccountings(CragsiLoader.java:145) [bin/:?]
	at ch.hesge.cragsi.loader.CragsiLoader.start(CragsiLoader.java:114) [bin/:?]
	at ch.hesge.cragsi.loader.CragsiLoader.main(CragsiLoader.java:309) [bin/:?]
2015-11-17 23:10:33.290 [main] ERROR ch.hesge.cragsi.loader.CragsiLoader - FDC loading error
ch.hesge.cragsi.exceptions.ConfigurationException: missing property 'academicYear_S1' in configuration file
	at ch.hesge.cragsi.utils.PropertyUtils.getProperty(PropertyUtils.java:27) ~[bin/:?]
	at ch.hesge.cragsi.loader.CragsiLogic.getFirstSemesterStartDate(CragsiLogic.java:326) ~[bin/:?]
	at ch.hesge.cragsi.loader.CragsiLogic.getFirstSemesterAccountingDate(CragsiLogic.java:466) ~[bin/:?]
	at ch.hesge.cragsi.loader.CragsiLoader.generateFDCAccountings(CragsiLoader.java:145) [bin/:?]
	at ch.hesge.cragsi.loader.CragsiLoader.start(CragsiLoader.java:114) [bin/:?]
	at ch.hesge.cragsi.loader.CragsiLoader.main(CragsiLoader.java:309) [bin/:?]
2015-11-17 23:10:33.291 [main] ERROR ch.hesge.cragsi.loader.CragsiLoader - FDC loading error
ch.hesge.cragsi.exceptions.ConfigurationException: missing property 'academicYear_S1' in configuration file
	at ch.hesge.cragsi.utils.PropertyUtils.getProperty(PropertyUtils.java:27) ~[bin/:?]
	at ch.hesge.cragsi.loader.CragsiLogic.getFirstSemesterStartDate(CragsiLogic.java:326) ~[bin/:?]
	at ch.hesge.cragsi.loader.CragsiLogic.getFirstSemesterAccountingDate(CragsiLogic.java:466) ~[bin/:?]
	at ch.hesge.cragsi.loader.CragsiLoader.generateFDCAccountings(CragsiLoader.java:145) [bin/:?]
	at ch.hesge.cragsi.loader.CragsiLoader.start(CragsiLoader.java:114) [bin/:?]
	at ch.hesge.cragsi.loader.CragsiLoader.main(CragsiLoader.java:309) [bin/:?]
2015-11-17 23:10:33.291 [main] ERROR ch.hesge.cragsi.loader.CragsiLoader - FDC loading error
ch.hesge.cragsi.exceptions.ConfigurationException: missing property 'academicYear_S1' in configuration file
	at ch.hesge.cragsi.utils.PropertyUtils.getProperty(PropertyUtils.java:27) ~[bin/:?]
	at ch.hesge.cragsi.loader.CragsiLogic.getFirstSemesterStartDate(CragsiLogic.java:326) ~[bin/:?]
	at ch.hesge.cragsi.loader.CragsiLogic.getFirstSemesterAccountingDate(CragsiLogic.java:466) ~[bin/:?]
	at ch.hesge.cragsi.loader.CragsiLoader.generateFDCAccountings(CragsiLoader.java:145) [bin/:?]
	at ch.hesge.cragsi.loader.CragsiLoader.start(CragsiLoader.java:114) [bin/:?]
	at ch.hesge.cragsi.loader.CragsiLoader.main(CragsiLoader.java:309) [bin/:?]
2015-11-17 23:10:33.292 [main] ERROR ch.hesge.cragsi.loader.CragsiLoader - FDC loading error
ch.hesge.cragsi.exceptions.ConfigurationException: missing property 'academicYear_S1' in configuration file
	at ch.hesge.cragsi.utils.PropertyUtils.getProperty(PropertyUtils.java:27) ~[bin/:?]
	at ch.hesge.cragsi.loader.CragsiLogic.getFirstSemesterStartDate(CragsiLogic.java:326) ~[bin/:?]
	at ch.hesge.cragsi.loader.CragsiLogic.getFirstSemesterAccountingDate(CragsiLogic.java:466) ~[bin/:?]
	at ch.hesge.cragsi.loader.CragsiLoader.generateFDCAccountings(CragsiLoader.java:145) [bin/:?]
	at ch.hesge.cragsi.loader.CragsiLoader.start(CragsiLoader.java:114) [bin/:?]
	at ch.hesge.cragsi.loader.CragsiLoader.main(CragsiLoader.java:309) [bin/:?]
2015-11-17 23:10:33.293 [main] ERROR ch.hesge.cragsi.loader.CragsiLoader - FDC loading error
ch.hesge.cragsi.exceptions.ConfigurationException: missing property 'academicYear_S1' in configuration file
	at ch.hesge.cragsi.utils.PropertyUtils.getProperty(PropertyUtils.java:27) ~[bin/:?]
	at ch.hesge.cragsi.loader.CragsiLogic.getFirstSemesterStartDate(CragsiLogic.java:326) ~[bin/:?]
	at ch.hesge.cragsi.loader.CragsiLogic.getFirstSemesterAccountingDate(CragsiLogic.java:466) ~[bin/:?]
	at ch.hesge.cragsi.loader.CragsiLoader.generateFDCAccountings(CragsiLoader.java:145) [bin/:?]
	at ch.hesge.cragsi.loader.CragsiLoader.start(CragsiLoader.java:114) [bin/:?]
	at ch.hesge.cragsi.loader.CragsiLoader.main(CragsiLoader.java:309) [bin/:?]
2015-11-17 23:10:33.293 [main] ERROR ch.hesge.cragsi.loader.CragsiLoader - FDC loading error
ch.hesge.cragsi.exceptions.ConfigurationException: missing property 'academicYear_S1' in configuration file
	at ch.hesge.cragsi.utils.PropertyUtils.getProperty(PropertyUtils.java:27) ~[bin/:?]
	at ch.hesge.cragsi.loader.CragsiLogic.getFirstSemesterStartDate(CragsiLogic.java:326) ~[bin/:?]
	at ch.hesge.cragsi.loader.CragsiLogic.getFirstSemesterAccountingDate(CragsiLogic.java:466) ~[bin/:?]
	at ch.hesge.cragsi.loader.CragsiLoader.generateFDCAccountings(CragsiLoader.java:145) [bin/:?]
	at ch.hesge.cragsi.loader.CragsiLoader.start(CragsiLoader.java:114) [bin/:?]
	at ch.hesge.cragsi.loader.CragsiLoader.main(CragsiLoader.java:309) [bin/:?]
2015-11-17 23:10:33.294 [main] ERROR ch.hesge.cragsi.loader.CragsiLoader - FDC loading error
ch.hesge.cragsi.exceptions.ConfigurationException: missing property 'academicYear_S1' in configuration file
	at ch.hesge.cragsi.utils.PropertyUtils.getProperty(PropertyUtils.java:27) ~[bin/:?]
	at ch.hesge.cragsi.loader.CragsiLogic.getFirstSemesterStartDate(CragsiLogic.java:326) ~[bin/:?]
	at ch.hesge.cragsi.loader.CragsiLogic.getFirstSemesterAccountingDate(CragsiLogic.java:466) ~[bin/:?]
	at ch.hesge.cragsi.loader.CragsiLoader.generateFDCAccountings(CragsiLoader.java:145) [bin/:?]
	at ch.hesge.cragsi.loader.CragsiLoader.start(CragsiLoader.java:114) [bin/:?]
	at ch.hesge.cragsi.loader.CragsiLoader.main(CragsiLoader.java:309) [bin/:?]
2015-11-17 23:10:33.295 [main] ERROR ch.hesge.cragsi.loader.CragsiLoader - FDC loading error
ch.hesge.cragsi.exceptions.ConfigurationException: missing property 'academicYear_S1' in configuration file
	at ch.hesge.cragsi.utils.PropertyUtils.getProperty(PropertyUtils.java:27) ~[bin/:?]
	at ch.hesge.cragsi.loader.CragsiLogic.getFirstSemesterStartDate(CragsiLogic.java:326) ~[bin/:?]
	at ch.hesge.cragsi.loader.CragsiLogic.getFirstSemesterAccountingDate(CragsiLogic.java:466) ~[bin/:?]
	at ch.hesge.cragsi.loader.CragsiLoader.generateFDCAccountings(CragsiLoader.java:145) [bin/:?]
	at ch.hesge.cragsi.loader.CragsiLoader.start(CragsiLoader.java:114) [bin/:?]
	at ch.hesge.cragsi.loader.CragsiLoader.main(CragsiLoader.java:309) [bin/:?]
2015-11-17 23:10:33.296 [main] ERROR ch.hesge.cragsi.loader.CragsiLoader - FDC loading error
ch.hesge.cragsi.exceptions.ConfigurationException: missing property 'academicYear_S1' in configuration file
	at ch.hesge.cragsi.utils.PropertyUtils.getProperty(PropertyUtils.java:27) ~[bin/:?]
	at ch.hesge.cragsi.loader.CragsiLogic.getFirstSemesterStartDate(CragsiLogic.java:326) ~[bin/:?]
	at ch.hesge.cragsi.loader.CragsiLogic.getFirstSemesterAccountingDate(CragsiLogic.java:466) ~[bin/:?]
	at ch.hesge.cragsi.loader.CragsiLoader.generateFDCAccountings(CragsiLoader.java:145) [bin/:?]
	at ch.hesge.cragsi.loader.CragsiLoader.start(CragsiLoader.java:114) [bin/:?]
	at ch.hesge.cragsi.loader.CragsiLoader.main(CragsiLoader.java:309) [bin/:?]
2015-11-17 23:10:33.297 [main] ERROR ch.hesge.cragsi.loader.CragsiLoader - FDC loading error
ch.hesge.cragsi.exceptions.ConfigurationException: missing property 'academicYear_S1' in configuration file
	at ch.hesge.cragsi.utils.PropertyUtils.getProperty(PropertyUtils.java:27) ~[bin/:?]
	at ch.hesge.cragsi.loader.CragsiLogic.getFirstSemesterStartDate(CragsiLogic.java:326) ~[bin/:?]
	at ch.hesge.cragsi.loader.CragsiLogic.getFirstSemesterAccountingDate(CragsiLogic.java:466) ~[bin/:?]
	at ch.hesge.cragsi.loader.CragsiLoader.generateFDCAccountings(CragsiLoader.java:145) [bin/:?]
	at ch.hesge.cragsi.loader.CragsiLoader.start(CragsiLoader.java:114) [bin/:?]
	at ch.hesge.cragsi.loader.CragsiLoader.main(CragsiLoader.java:309) [bin/:?]
2015-11-17 23:10:33.299 [main] ERROR ch.hesge.cragsi.loader.CragsiLoader - FDC loading error
ch.hesge.cragsi.exceptions.ConfigurationException: missing property 'academicYear_S1' in configuration file
	at ch.hesge.cragsi.utils.PropertyUtils.getProperty(PropertyUtils.java:27) ~[bin/:?]
	at ch.hesge.cragsi.loader.CragsiLogic.getFirstSemesterStartDate(CragsiLogic.java:326) ~[bin/:?]
	at ch.hesge.cragsi.loader.CragsiLogic.getFirstSemesterAccountingDate(CragsiLogic.java:466) ~[bin/:?]
	at ch.hesge.cragsi.loader.CragsiLoader.generateFDCAccountings(CragsiLoader.java:145) [bin/:?]
	at ch.hesge.cragsi.loader.CragsiLoader.start(CragsiLoader.java:114) [bin/:?]
	at ch.hesge.cragsi.loader.CragsiLoader.main(CragsiLoader.java:309) [bin/:?]
2015-11-17 23:10:33.300 [main] ERROR ch.hesge.cragsi.loader.CragsiLoader - FDC loading error
ch.hesge.cragsi.exceptions.ConfigurationException: missing property 'academicYear_S1' in configuration file
	at ch.hesge.cragsi.utils.PropertyUtils.getProperty(PropertyUtils.java:27) ~[bin/:?]
	at ch.hesge.cragsi.loader.CragsiLogic.getFirstSemesterStartDate(CragsiLogic.java:326) ~[bin/:?]
	at ch.hesge.cragsi.loader.CragsiLogic.getFirstSemesterAccountingDate(CragsiLogic.java:466) ~[bin/:?]
	at ch.hesge.cragsi.loader.CragsiLoader.generateFDCAccountings(CragsiLoader.java:145) [bin/:?]
	at ch.hesge.cragsi.loader.CragsiLoader.start(CragsiLoader.java:114) [bin/:?]
	at ch.hesge.cragsi.loader.CragsiLoader.main(CragsiLoader.java:309) [bin/:?]
2015-11-17 23:10:33.301 [main] ERROR ch.hesge.cragsi.loader.CragsiLoader - FDC loading error
ch.hesge.cragsi.exceptions.ConfigurationException: missing property 'academicYear_S1' in configuration file
	at ch.hesge.cragsi.utils.PropertyUtils.getProperty(PropertyUtils.java:27) ~[bin/:?]
	at ch.hesge.cragsi.loader.CragsiLogic.getFirstSemesterStartDate(CragsiLogic.java:326) ~[bin/:?]
	at ch.hesge.cragsi.loader.CragsiLogic.getFirstSemesterAccountingDate(CragsiLogic.java:466) ~[bin/:?]
	at ch.hesge.cragsi.loader.CragsiLoader.generateFDCAccountings(CragsiLoader.java:145) [bin/:?]
	at ch.hesge.cragsi.loader.CragsiLoader.start(CragsiLoader.java:114) [bin/:?]
	at ch.hesge.cragsi.loader.CragsiLoader.main(CragsiLoader.java:309) [bin/:?]
2015-11-17 23:10:33.302 [main] ERROR ch.hesge.cragsi.loader.CragsiLoader - FDC loading error
ch.hesge.cragsi.exceptions.ConfigurationException: missing property 'academicYear_S1' in configuration file
	at ch.hesge.cragsi.utils.PropertyUtils.getProperty(PropertyUtils.java:27) ~[bin/:?]
	at ch.hesge.cragsi.loader.CragsiLogic.getFirstSemesterStartDate(CragsiLogic.java:326) ~[bin/:?]
	at ch.hesge.cragsi.loader.CragsiLogic.getFirstSemesterAccountingDate(CragsiLogic.java:466) ~[bin/:?]
	at ch.hesge.cragsi.loader.CragsiLoader.generateFDCAccountings(CragsiLoader.java:145) [bin/:?]
	at ch.hesge.cragsi.loader.CragsiLoader.start(CragsiLoader.java:114) [bin/:?]
	at ch.hesge.cragsi.loader.CragsiLoader.main(CragsiLoader.java:309) [bin/:?]
2015-11-17 23:10:33.303 [main] ERROR ch.hesge.cragsi.loader.CragsiLoader - FDC loading error
ch.hesge.cragsi.exceptions.ConfigurationException: missing property 'academicYear_S1' in configuration file
	at ch.hesge.cragsi.utils.PropertyUtils.getProperty(PropertyUtils.java:27) ~[bin/:?]
	at ch.hesge.cragsi.loader.CragsiLogic.getFirstSemesterStartDate(CragsiLogic.java:326) ~[bin/:?]
	at ch.hesge.cragsi.loader.CragsiLogic.getFirstSemesterAccountingDate(CragsiLogic.java:466) ~[bin/:?]
	at ch.hesge.cragsi.loader.CragsiLoader.generateFDCAccountings(CragsiLoader.java:145) [bin/:?]
	at ch.hesge.cragsi.loader.CragsiLoader.start(CragsiLoader.java:114) [bin/:?]
	at ch.hesge.cragsi.loader.CragsiLoader.main(CragsiLoader.java:309) [bin/:?]
2015-11-17 23:10:33.303 [main] ERROR ch.hesge.cragsi.loader.CragsiLoader - FDC loading error
ch.hesge.cragsi.exceptions.ConfigurationException: missing property 'academicYear_S1' in configuration file
	at ch.hesge.cragsi.utils.PropertyUtils.getProperty(PropertyUtils.java:27) ~[bin/:?]
	at ch.hesge.cragsi.loader.CragsiLogic.getFirstSemesterStartDate(CragsiLogic.java:326) ~[bin/:?]
	at ch.hesge.cragsi.loader.CragsiLogic.getFirstSemesterAccountingDate(CragsiLogic.java:466) ~[bin/:?]
	at ch.hesge.cragsi.loader.CragsiLoader.generateFDCAccountings(CragsiLoader.java:145) [bin/:?]
	at ch.hesge.cragsi.loader.CragsiLoader.start(CragsiLoader.java:114) [bin/:?]
	at ch.hesge.cragsi.loader.CragsiLoader.main(CragsiLoader.java:309) [bin/:?]
2015-11-17 23:10:33.304 [main] ERROR ch.hesge.cragsi.loader.CragsiLoader - FDC loading error
ch.hesge.cragsi.exceptions.ConfigurationException: missing property 'academicYear_S1' in configuration file
	at ch.hesge.cragsi.utils.PropertyUtils.getProperty(PropertyUtils.java:27) ~[bin/:?]
	at ch.hesge.cragsi.loader.CragsiLogic.getFirstSemesterStartDate(CragsiLogic.java:326) ~[bin/:?]
	at ch.hesge.cragsi.loader.CragsiLogic.getFirstSemesterAccountingDate(CragsiLogic.java:466) ~[bin/:?]
	at ch.hesge.cragsi.loader.CragsiLoader.generateFDCAccountings(CragsiLoader.java:145) [bin/:?]
	at ch.hesge.cragsi.loader.CragsiLoader.start(CragsiLoader.java:114) [bin/:?]
	at ch.hesge.cragsi.loader.CragsiLoader.main(CragsiLoader.java:309) [bin/:?]
2015-11-17 23:10:33.305 [main] ERROR ch.hesge.cragsi.loader.CragsiLoader - FDC loading error
ch.hesge.cragsi.exceptions.ConfigurationException: missing property 'academicYear_S1' in configuration file
	at ch.hesge.cragsi.utils.PropertyUtils.getProperty(PropertyUtils.java:27) ~[bin/:?]
	at ch.hesge.cragsi.loader.CragsiLogic.getFirstSemesterStartDate(CragsiLogic.java:326) ~[bin/:?]
	at ch.hesge.cragsi.loader.CragsiLogic.getFirstSemesterAccountingDate(CragsiLogic.java:466) ~[bin/:?]
	at ch.hesge.cragsi.loader.CragsiLoader.generateFDCAccountings(CragsiLoader.java:145) [bin/:?]
	at ch.hesge.cragsi.loader.CragsiLoader.start(CragsiLoader.java:114) [bin/:?]
	at ch.hesge.cragsi.loader.CragsiLoader.main(CragsiLoader.java:309) [bin/:?]
2015-11-17 23:10:33.306 [main] ERROR ch.hesge.cragsi.loader.CragsiLoader - FDC loading error
ch.hesge.cragsi.exceptions.ConfigurationException: missing property 'academicYear_S1' in configuration file
	at ch.hesge.cragsi.utils.PropertyUtils.getProperty(PropertyUtils.java:27) ~[bin/:?]
	at ch.hesge.cragsi.loader.CragsiLogic.getFirstSemesterStartDate(CragsiLogic.java:326) ~[bin/:?]
	at ch.hesge.cragsi.loader.CragsiLogic.getFirstSemesterAccountingDate(CragsiLogic.java:466) ~[bin/:?]
	at ch.hesge.cragsi.loader.CragsiLoader.generateFDCAccountings(CragsiLoader.java:145) [bin/:?]
	at ch.hesge.cragsi.loader.CragsiLoader.start(CragsiLoader.java:114) [bin/:?]
	at ch.hesge.cragsi.loader.CragsiLoader.main(CragsiLoader.java:309) [bin/:?]
2015-11-17 23:10:33.307 [main] ERROR ch.hesge.cragsi.loader.CragsiLoader - FDC loading error
ch.hesge.cragsi.exceptions.ConfigurationException: missing property 'academicYear_S1' in configuration file
	at ch.hesge.cragsi.utils.PropertyUtils.getProperty(PropertyUtils.java:27) ~[bin/:?]
	at ch.hesge.cragsi.loader.CragsiLogic.getFirstSemesterStartDate(CragsiLogic.java:326) ~[bin/:?]
	at ch.hesge.cragsi.loader.CragsiLogic.getFirstSemesterAccountingDate(CragsiLogic.java:466) ~[bin/:?]
	at ch.hesge.cragsi.loader.CragsiLoader.generateFDCAccountings(CragsiLoader.java:145) [bin/:?]
	at ch.hesge.cragsi.loader.CragsiLoader.start(CragsiLoader.java:114) [bin/:?]
	at ch.hesge.cragsi.loader.CragsiLoader.main(CragsiLoader.java:309) [bin/:?]
2015-11-17 23:10:33.307 [main] ERROR ch.hesge.cragsi.loader.CragsiLoader - FDC loading error
ch.hesge.cragsi.exceptions.ConfigurationException: missing property 'academicYear_S1' in configuration file
	at ch.hesge.cragsi.utils.PropertyUtils.getProperty(PropertyUtils.java:27) ~[bin/:?]
	at ch.hesge.cragsi.loader.CragsiLogic.getFirstSemesterStartDate(CragsiLogic.java:326) ~[bin/:?]
	at ch.hesge.cragsi.loader.CragsiLogic.getFirstSemesterAccountingDate(CragsiLogic.java:466) ~[bin/:?]
	at ch.hesge.cragsi.loader.CragsiLoader.generateFDCAccountings(CragsiLoader.java:145) [bin/:?]
	at ch.hesge.cragsi.loader.CragsiLoader.start(CragsiLoader.java:114) [bin/:?]
	at ch.hesge.cragsi.loader.CragsiLoader.main(CragsiLoader.java:309) [bin/:?]
2015-11-17 23:10:33.309 [main] ERROR ch.hesge.cragsi.loader.CragsiLoader - FDC loading error
ch.hesge.cragsi.exceptions.ConfigurationException: missing property 'academicYear_S1' in configuration file
	at ch.hesge.cragsi.utils.PropertyUtils.getProperty(PropertyUtils.java:27) ~[bin/:?]
	at ch.hesge.cragsi.loader.CragsiLogic.getFirstSemesterStartDate(CragsiLogic.java:326) ~[bin/:?]
	at ch.hesge.cragsi.loader.CragsiLogic.getFirstSemesterAccountingDate(CragsiLogic.java:466) ~[bin/:?]
	at ch.hesge.cragsi.loader.CragsiLoader.generateFDCAccountings(CragsiLoader.java:145) [bin/:?]
	at ch.hesge.cragsi.loader.CragsiLoader.start(CragsiLoader.java:114) [bin/:?]
	at ch.hesge.cragsi.loader.CragsiLoader.main(CragsiLoader.java:309) [bin/:?]
2015-11-17 23:10:33.310 [main] ERROR ch.hesge.cragsi.loader.CragsiLoader - FDC loading error
ch.hesge.cragsi.exceptions.ConfigurationException: missing property 'academicYear_S1' in configuration file
	at ch.hesge.cragsi.utils.PropertyUtils.getProperty(PropertyUtils.java:27) ~[bin/:?]
	at ch.hesge.cragsi.loader.CragsiLogic.getFirstSemesterStartDate(CragsiLogic.java:326) ~[bin/:?]
	at ch.hesge.cragsi.loader.CragsiLogic.getFirstSemesterAccountingDate(CragsiLogic.java:466) ~[bin/:?]
	at ch.hesge.cragsi.loader.CragsiLoader.generateFDCAccountings(CragsiLoader.java:145) [bin/:?]
	at ch.hesge.cragsi.loader.CragsiLoader.start(CragsiLoader.java:114) [bin/:?]
	at ch.hesge.cragsi.loader.CragsiLoader.main(CragsiLoader.java:309) [bin/:?]
2015-11-17 23:10:33.311 [main] ERROR ch.hesge.cragsi.loader.CragsiLoader - FDC loading error
ch.hesge.cragsi.exceptions.ConfigurationException: missing property 'academicYear_S1' in configuration file
	at ch.hesge.cragsi.utils.PropertyUtils.getProperty(PropertyUtils.java:27) ~[bin/:?]
	at ch.hesge.cragsi.loader.CragsiLogic.getFirstSemesterStartDate(CragsiLogic.java:326) ~[bin/:?]
	at ch.hesge.cragsi.loader.CragsiLogic.getFirstSemesterAccountingDate(CragsiLogic.java:466) ~[bin/:?]
	at ch.hesge.cragsi.loader.CragsiLoader.generateFDCAccountings(CragsiLoader.java:145) [bin/:?]
	at ch.hesge.cragsi.loader.CragsiLoader.start(CragsiLoader.java:114) [bin/:?]
	at ch.hesge.cragsi.loader.CragsiLoader.main(CragsiLoader.java:309) [bin/:?]
2015-11-17 23:10:33.312 [main] ERROR ch.hesge.cragsi.loader.CragsiLoader - FDC loading error
ch.hesge.cragsi.exceptions.ConfigurationException: missing property 'academicYear_S1' in configuration file
	at ch.hesge.cragsi.utils.PropertyUtils.getProperty(PropertyUtils.java:27) ~[bin/:?]
	at ch.hesge.cragsi.loader.CragsiLogic.getFirstSemesterStartDate(CragsiLogic.java:326) ~[bin/:?]
	at ch.hesge.cragsi.loader.CragsiLogic.getFirstSemesterAccountingDate(CragsiLogic.java:466) ~[bin/:?]
	at ch.hesge.cragsi.loader.CragsiLoader.generateFDCAccountings(CragsiLoader.java:145) [bin/:?]
	at ch.hesge.cragsi.loader.CragsiLoader.start(CragsiLoader.java:114) [bin/:?]
	at ch.hesge.cragsi.loader.CragsiLoader.main(CragsiLoader.java:309) [bin/:?]
2015-11-17 23:10:33.313 [main] ERROR ch.hesge.cragsi.loader.CragsiLoader - FDC loading error
ch.hesge.cragsi.exceptions.ConfigurationException: missing property 'academicYear_S1' in configuration file
	at ch.hesge.cragsi.utils.PropertyUtils.getProperty(PropertyUtils.java:27) ~[bin/:?]
	at ch.hesge.cragsi.loader.CragsiLogic.getFirstSemesterStartDate(CragsiLogic.java:326) ~[bin/:?]
	at ch.hesge.cragsi.loader.CragsiLogic.getFirstSemesterAccountingDate(CragsiLogic.java:466) ~[bin/:?]
	at ch.hesge.cragsi.loader.CragsiLoader.generateFDCAccountings(CragsiLoader.java:145) [bin/:?]
	at ch.hesge.cragsi.loader.CragsiLoader.start(CragsiLoader.java:114) [bin/:?]
	at ch.hesge.cragsi.loader.CragsiLoader.main(CragsiLoader.java:309) [bin/:?]
2015-11-17 23:10:33.313 [main] ERROR ch.hesge.cragsi.loader.CragsiLoader - FDC loading error
ch.hesge.cragsi.exceptions.ConfigurationException: missing property 'academicYear_S1' in configuration file
	at ch.hesge.cragsi.utils.PropertyUtils.getProperty(PropertyUtils.java:27) ~[bin/:?]
	at ch.hesge.cragsi.loader.CragsiLogic.getFirstSemesterStartDate(CragsiLogic.java:326) ~[bin/:?]
	at ch.hesge.cragsi.loader.CragsiLogic.getFirstSemesterAccountingDate(CragsiLogic.java:466) ~[bin/:?]
	at ch.hesge.cragsi.loader.CragsiLoader.generateFDCAccountings(CragsiLoader.java:145) [bin/:?]
	at ch.hesge.cragsi.loader.CragsiLoader.start(CragsiLoader.java:114) [bin/:?]
	at ch.hesge.cragsi.loader.CragsiLoader.main(CragsiLoader.java:309) [bin/:?]
2015-11-17 23:10:33.314 [main] ERROR ch.hesge.cragsi.loader.CragsiLoader - FDC loading error
ch.hesge.cragsi.exceptions.ConfigurationException: missing property 'academicYear_S1' in configuration file
	at ch.hesge.cragsi.utils.PropertyUtils.getProperty(PropertyUtils.java:27) ~[bin/:?]
	at ch.hesge.cragsi.loader.CragsiLogic.getFirstSemesterStartDate(CragsiLogic.java:326) ~[bin/:?]
	at ch.hesge.cragsi.loader.CragsiLogic.getFirstSemesterAccountingDate(CragsiLogic.java:466) ~[bin/:?]
	at ch.hesge.cragsi.loader.CragsiLoader.generateFDCAccountings(CragsiLoader.java:145) [bin/:?]
	at ch.hesge.cragsi.loader.CragsiLoader.start(CragsiLoader.java:114) [bin/:?]
	at ch.hesge.cragsi.loader.CragsiLoader.main(CragsiLoader.java:309) [bin/:?]
2015-11-17 23:10:33.325 [main] ERROR ch.hesge.cragsi.loader.CragsiLoader - FDC loading error
ch.hesge.cragsi.exceptions.ConfigurationException: missing property 'academicYear_S1' in configuration file
	at ch.hesge.cragsi.utils.PropertyUtils.getProperty(PropertyUtils.java:27) ~[bin/:?]
	at ch.hesge.cragsi.loader.CragsiLogic.getFirstSemesterStartDate(CragsiLogic.java:326) ~[bin/:?]
	at ch.hesge.cragsi.loader.CragsiLogic.getFirstSemesterAccountingDate(CragsiLogic.java:466) ~[bin/:?]
	at ch.hesge.cragsi.loader.CragsiLoader.generateFDCAccountings(CragsiLoader.java:145) [bin/:?]
	at ch.hesge.cragsi.loader.CragsiLoader.start(CragsiLoader.java:114) [bin/:?]
	at ch.hesge.cragsi.loader.CragsiLoader.main(CragsiLoader.java:309) [bin/:?]
2015-11-17 23:10:33.326 [main] ERROR ch.hesge.cragsi.loader.CragsiLoader - FDC loading error
ch.hesge.cragsi.exceptions.ConfigurationException: missing property 'academicYear_S1' in configuration file
	at ch.hesge.cragsi.utils.PropertyUtils.getProperty(PropertyUtils.java:27) ~[bin/:?]
	at ch.hesge.cragsi.loader.CragsiLogic.getFirstSemesterStartDate(CragsiLogic.java:326) ~[bin/:?]
	at ch.hesge.cragsi.loader.CragsiLogic.getFirstSemesterAccountingDate(CragsiLogic.java:466) ~[bin/:?]
	at ch.hesge.cragsi.loader.CragsiLoader.generateFDCAccountings(CragsiLoader.java:145) [bin/:?]
	at ch.hesge.cragsi.loader.CragsiLoader.start(CragsiLoader.java:114) [bin/:?]
	at ch.hesge.cragsi.loader.CragsiLoader.main(CragsiLoader.java:309) [bin/:?]
2015-11-17 23:10:33.328 [main] ERROR ch.hesge.cragsi.loader.CragsiLoader - FDC loading error
ch.hesge.cragsi.exceptions.ConfigurationException: missing property 'academicYear_S1' in configuration file
	at ch.hesge.cragsi.utils.PropertyUtils.getProperty(PropertyUtils.java:27) ~[bin/:?]
	at ch.hesge.cragsi.loader.CragsiLogic.getFirstSemesterStartDate(CragsiLogic.java:326) ~[bin/:?]
	at ch.hesge.cragsi.loader.CragsiLogic.getFirstSemesterAccountingDate(CragsiLogic.java:466) ~[bin/:?]
	at ch.hesge.cragsi.loader.CragsiLoader.generateFDCAccountings(CragsiLoader.java:145) [bin/:?]
	at ch.hesge.cragsi.loader.CragsiLoader.start(CragsiLoader.java:114) [bin/:?]
	at ch.hesge.cragsi.loader.CragsiLoader.main(CragsiLoader.java:309) [bin/:?]
2015-11-17 23:10:33.330 [main] ERROR ch.hesge.cragsi.loader.CragsiLoader - FDC loading error
ch.hesge.cragsi.exceptions.ConfigurationException: missing property 'academicYear_S1' in configuration file
	at ch.hesge.cragsi.utils.PropertyUtils.getProperty(PropertyUtils.java:27) ~[bin/:?]
	at ch.hesge.cragsi.loader.CragsiLogic.getFirstSemesterStartDate(CragsiLogic.java:326) ~[bin/:?]
	at ch.hesge.cragsi.loader.CragsiLogic.getFirstSemesterAccountingDate(CragsiLogic.java:466) ~[bin/:?]
	at ch.hesge.cragsi.loader.CragsiLoader.generateFDCAccountings(CragsiLoader.java:145) [bin/:?]
	at ch.hesge.cragsi.loader.CragsiLoader.start(CragsiLoader.java:114) [bin/:?]
	at ch.hesge.cragsi.loader.CragsiLoader.main(CragsiLoader.java:309) [bin/:?]
2015-11-17 23:10:33.337 [main] ERROR ch.hesge.cragsi.loader.CragsiLoader - FDC loading error
ch.hesge.cragsi.exceptions.ConfigurationException: missing property 'academicYear_S1' in configuration file
	at ch.hesge.cragsi.utils.PropertyUtils.getProperty(PropertyUtils.java:27) ~[bin/:?]
	at ch.hesge.cragsi.loader.CragsiLogic.getFirstSemesterStartDate(CragsiLogic.java:326) ~[bin/:?]
	at ch.hesge.cragsi.loader.CragsiLogic.getFirstSemesterAccountingDate(CragsiLogic.java:466) ~[bin/:?]
	at ch.hesge.cragsi.loader.CragsiLoader.generateFDCAccountings(CragsiLoader.java:145) [bin/:?]
	at ch.hesge.cragsi.loader.CragsiLoader.start(CragsiLoader.java:114) [bin/:?]
	at ch.hesge.cragsi.loader.CragsiLoader.main(CragsiLoader.java:309) [bin/:?]
2015-11-17 23:10:33.338 [main] ERROR ch.hesge.cragsi.loader.CragsiLoader - FDC loading error
ch.hesge.cragsi.exceptions.ConfigurationException: missing property 'academicYear_S1' in configuration file
	at ch.hesge.cragsi.utils.PropertyUtils.getProperty(PropertyUtils.java:27) ~[bin/:?]
	at ch.hesge.cragsi.loader.CragsiLogic.getFirstSemesterStartDate(CragsiLogic.java:326) ~[bin/:?]
	at ch.hesge.cragsi.loader.CragsiLogic.getFirstSemesterAccountingDate(CragsiLogic.java:466) ~[bin/:?]
	at ch.hesge.cragsi.loader.CragsiLoader.generateFDCAccountings(CragsiLoader.java:145) [bin/:?]
	at ch.hesge.cragsi.loader.CragsiLoader.start(CragsiLoader.java:114) [bin/:?]
	at ch.hesge.cragsi.loader.CragsiLoader.main(CragsiLoader.java:309) [bin/:?]
2015-11-17 23:10:33.343 [main] ERROR ch.hesge.cragsi.loader.CragsiLoader - FDC loading error
ch.hesge.cragsi.exceptions.ConfigurationException: missing property 'academicYear_S1' in configuration file
	at ch.hesge.cragsi.utils.PropertyUtils.getProperty(PropertyUtils.java:27) ~[bin/:?]
	at ch.hesge.cragsi.loader.CragsiLogic.getFirstSemesterStartDate(CragsiLogic.java:326) ~[bin/:?]
	at ch.hesge.cragsi.loader.CragsiLogic.getFirstSemesterAccountingDate(CragsiLogic.java:466) ~[bin/:?]
	at ch.hesge.cragsi.loader.CragsiLoader.generateFDCAccountings(CragsiLoader.java:145) [bin/:?]
	at ch.hesge.cragsi.loader.CragsiLoader.start(CragsiLoader.java:114) [bin/:?]
	at ch.hesge.cragsi.loader.CragsiLoader.main(CragsiLoader.java:309) [bin/:?]
2015-11-17 23:10:33.344 [main] ERROR ch.hesge.cragsi.loader.CragsiLoader - FDC loading error
ch.hesge.cragsi.exceptions.ConfigurationException: missing property 'academicYear_S1' in configuration file
	at ch.hesge.cragsi.utils.PropertyUtils.getProperty(PropertyUtils.java:27) ~[bin/:?]
	at ch.hesge.cragsi.loader.CragsiLogic.getFirstSemesterStartDate(CragsiLogic.java:326) ~[bin/:?]
	at ch.hesge.cragsi.loader.CragsiLogic.getFirstSemesterAccountingDate(CragsiLogic.java:466) ~[bin/:?]
	at ch.hesge.cragsi.loader.CragsiLoader.generateFDCAccountings(CragsiLoader.java:145) [bin/:?]
	at ch.hesge.cragsi.loader.CragsiLoader.start(CragsiLoader.java:114) [bin/:?]
	at ch.hesge.cragsi.loader.CragsiLoader.main(CragsiLoader.java:309) [bin/:?]
2015-11-17 23:10:33.362 [main] ERROR ch.hesge.cragsi.loader.CragsiLoader - FDC loading error
ch.hesge.cragsi.exceptions.ConfigurationException: missing property 'academicYear_S1' in configuration file
	at ch.hesge.cragsi.utils.PropertyUtils.getProperty(PropertyUtils.java:27) ~[bin/:?]
	at ch.hesge.cragsi.loader.CragsiLogic.getFirstSemesterStartDate(CragsiLogic.java:326) ~[bin/:?]
	at ch.hesge.cragsi.loader.CragsiLogic.getFirstSemesterAccountingDate(CragsiLogic.java:466) ~[bin/:?]
	at ch.hesge.cragsi.loader.CragsiLoader.generateFDCAccountings(CragsiLoader.java:145) [bin/:?]
	at ch.hesge.cragsi.loader.CragsiLoader.start(CragsiLoader.java:114) [bin/:?]
	at ch.hesge.cragsi.loader.CragsiLoader.main(CragsiLoader.java:309) [bin/:?]
2015-11-17 23:10:33.363 [main] ERROR ch.hesge.cragsi.loader.CragsiLoader - FDC loading error
ch.hesge.cragsi.exceptions.ConfigurationException: missing property 'academicYear_S1' in configuration file
	at ch.hesge.cragsi.utils.PropertyUtils.getProperty(PropertyUtils.java:27) ~[bin/:?]
	at ch.hesge.cragsi.loader.CragsiLogic.getFirstSemesterStartDate(CragsiLogic.java:326) ~[bin/:?]
	at ch.hesge.cragsi.loader.CragsiLogic.getFirstSemesterAccountingDate(CragsiLogic.java:466) ~[bin/:?]
	at ch.hesge.cragsi.loader.CragsiLoader.generateFDCAccountings(CragsiLoader.java:145) [bin/:?]
	at ch.hesge.cragsi.loader.CragsiLoader.start(CragsiLoader.java:114) [bin/:?]
	at ch.hesge.cragsi.loader.CragsiLoader.main(CragsiLoader.java:309) [bin/:?]
2015-11-17 23:10:33.364 [main] ERROR ch.hesge.cragsi.loader.CragsiLoader - FDC loading error
ch.hesge.cragsi.exceptions.ConfigurationException: missing property 'academicYear_S1' in configuration file
	at ch.hesge.cragsi.utils.PropertyUtils.getProperty(PropertyUtils.java:27) ~[bin/:?]
	at ch.hesge.cragsi.loader.CragsiLogic.getFirstSemesterStartDate(CragsiLogic.java:326) ~[bin/:?]
	at ch.hesge.cragsi.loader.CragsiLogic.getFirstSemesterAccountingDate(CragsiLogic.java:466) ~[bin/:?]
	at ch.hesge.cragsi.loader.CragsiLoader.generateFDCAccountings(CragsiLoader.java:145) [bin/:?]
	at ch.hesge.cragsi.loader.CragsiLoader.start(CragsiLoader.java:114) [bin/:?]
	at ch.hesge.cragsi.loader.CragsiLoader.main(CragsiLoader.java:309) [bin/:?]
2015-11-17 23:10:33.365 [main] ERROR ch.hesge.cragsi.loader.CragsiLoader - FDC loading error
ch.hesge.cragsi.exceptions.ConfigurationException: missing property 'academicYear_S1' in configuration file
	at ch.hesge.cragsi.utils.PropertyUtils.getProperty(PropertyUtils.java:27) ~[bin/:?]
	at ch.hesge.cragsi.loader.CragsiLogic.getFirstSemesterStartDate(CragsiLogic.java:326) ~[bin/:?]
	at ch.hesge.cragsi.loader.CragsiLogic.getFirstSemesterAccountingDate(CragsiLogic.java:466) ~[bin/:?]
	at ch.hesge.cragsi.loader.CragsiLoader.generateFDCAccountings(CragsiLoader.java:145) [bin/:?]
	at ch.hesge.cragsi.loader.CragsiLoader.start(CragsiLoader.java:114) [bin/:?]
	at ch.hesge.cragsi.loader.CragsiLoader.main(CragsiLoader.java:309) [bin/:?]
2015-11-17 23:10:33.366 [main] ERROR ch.hesge.cragsi.loader.CragsiLoader - FDC loading error
ch.hesge.cragsi.exceptions.ConfigurationException: missing property 'academicYear_S1' in configuration file
	at ch.hesge.cragsi.utils.PropertyUtils.getProperty(PropertyUtils.java:27) ~[bin/:?]
	at ch.hesge.cragsi.loader.CragsiLogic.getFirstSemesterStartDate(CragsiLogic.java:326) ~[bin/:?]
	at ch.hesge.cragsi.loader.CragsiLogic.getFirstSemesterAccountingDate(CragsiLogic.java:466) ~[bin/:?]
	at ch.hesge.cragsi.loader.CragsiLoader.generateFDCAccountings(CragsiLoader.java:145) [bin/:?]
	at ch.hesge.cragsi.loader.CragsiLoader.start(CragsiLoader.java:114) [bin/:?]
	at ch.hesge.cragsi.loader.CragsiLoader.main(CragsiLoader.java:309) [bin/:?]
2015-11-17 23:10:33.367 [main] ERROR ch.hesge.cragsi.loader.CragsiLoader - FDC loading error
ch.hesge.cragsi.exceptions.ConfigurationException: missing property 'academicYear_S1' in configuration file
	at ch.hesge.cragsi.utils.PropertyUtils.getProperty(PropertyUtils.java:27) ~[bin/:?]
	at ch.hesge.cragsi.loader.CragsiLogic.getFirstSemesterStartDate(CragsiLogic.java:326) ~[bin/:?]
	at ch.hesge.cragsi.loader.CragsiLogic.getFirstSemesterAccountingDate(CragsiLogic.java:466) ~[bin/:?]
	at ch.hesge.cragsi.loader.CragsiLoader.generateFDCAccountings(CragsiLoader.java:145) [bin/:?]
	at ch.hesge.cragsi.loader.CragsiLoader.start(CragsiLoader.java:114) [bin/:?]
	at ch.hesge.cragsi.loader.CragsiLoader.main(CragsiLoader.java:309) [bin/:?]
2015-11-17 23:10:33.368 [main] ERROR ch.hesge.cragsi.loader.CragsiLoader - FDC loading error
ch.hesge.cragsi.exceptions.ConfigurationException: missing property 'academicYear_S1' in configuration file
	at ch.hesge.cragsi.utils.PropertyUtils.getProperty(PropertyUtils.java:27) ~[bin/:?]
	at ch.hesge.cragsi.loader.CragsiLogic.getFirstSemesterStartDate(CragsiLogic.java:326) ~[bin/:?]
	at ch.hesge.cragsi.loader.CragsiLogic.getFirstSemesterAccountingDate(CragsiLogic.java:466) ~[bin/:?]
	at ch.hesge.cragsi.loader.CragsiLoader.generateFDCAccountings(CragsiLoader.java:145) [bin/:?]
	at ch.hesge.cragsi.loader.CragsiLoader.start(CragsiLoader.java:114) [bin/:?]
	at ch.hesge.cragsi.loader.CragsiLoader.main(CragsiLoader.java:309) [bin/:?]
