#
# A fatal error has been detected by the Java Runtime Environment:
#
#  EXCEPTION_ACCESS_VIOLATION (0xc0000005) at pc=0x0000000072a48225, pid=6352, tid=7828
#
# JRE version: Java(TM) SE Runtime Environment (8.0_40-b26) (build 1.8.0_40-b26)
# Java VM: Java HotSpot(TM) 64-Bit Server VM (25.40-b25 mixed mode windows-amd64 compressed oops)
# Problematic frame:
# V  [jvm.dll+0x128225]
#
# Failed to write core dump. Minidumps are not enabled by default on client versions of Windows
#
# If you would like to submit a bug report, please visit:
#   http://bugreport.java.com/bugreport/crash.jsp
#

---------------  T H R E A D  ---------------

Current thread (0x0000000017456000):  JavaThread "JDWP Transport Listener: dt_socket" daemon [_thread_in_vm, id=7828, stack(0x0000000018c70000,0x0000000018d70000)]

siginfo: ExceptionCode=0xc0000005, reading address 0x00000192000001ed

Registers:
RAX=0x0000000018d6f701, RBX=0x0000000017456000, RCX=0x00000192000001ed, RDX=0x0000000000000000
RSP=0x0000000018d6f790, RBP=0x00000192000001ed, RSI=0x0000000018d6f8a8, RDI=0x00000000028988e0
R8 =0x0000000017456000, R9 =0x0000000000008000, R10=0x0000000000000000, R11=0x000000001bba101b
R12=0x0000000000000000, R13=0x0000000017458498, R14=0x0000000000000000, R15=0x0000000000000000
RIP=0x0000000072a48225, EFLAGS=0x0000000000010206

Top of Stack: (sp=0x0000000018d6f790)
0x0000000018d6f790:   0000000017456000 0000000017456000
0x0000000018d6f7a0:   0000000018d6f858 0000000072c4c6db
0x0000000018d6f7b0:   0000000017456000 0000000072c68f3d
0x0000000018d6f7c0:   0000000000000000 0000000072709155
0x0000000018d6f7d0:   000000001bae9f68 000000007271291e
0x0000000018d6f7e0:   0000000017456000 0000000000000000
0x0000000018d6f7f0:   0000000000000000 0000000000000000
0x0000000018d6f800:   00000192000001ed 0000000072711a15
0x0000000018d6f810:   0000000018d6f8a8 0000000018d6f880
0x0000000018d6f820:   0000000000000001 000000001bae9f68
0x0000000018d6f830:   00000192000001ed 00000000726f53b3
0x0000000018d6f840:   0000000018d6f970 0000000000000001
0x0000000018d6f850:   0000000000000001 000000001bae9f68
0x0000000018d6f860:   0000000000000009 0000000000000000
0x0000000018d6f870:   0000000000000000 0000000000000000
0x0000000018d6f880:   0000000000000001 00000000726f5571 

Instructions: (pc=0x0000000072a48225)
0x0000000072a48205:   cc cc cc cc cc cc cc cc cc cc cc 48 83 ec 28 48
0x0000000072a48215:   85 c9 75 07 33 c0 48 83 c4 28 c3 48 89 5c 24 20
0x0000000072a48225:   48 8b 19 48 85 db 74 20 48 83 fb 37 74 1a 48 8b
0x0000000072a48235:   13 48 8b cb ff 52 10 84 c0 74 0d 48 8b c3 48 8b 


Register to memory mapping:

RAX=0x0000000018d6f701 is pointing into the stack for thread: 0x0000000017456000
RBX=0x0000000017456000 is a thread
RCX=0x00000192000001ed is an unknown value
RDX=0x0000000000000000 is an unknown value
RSP=0x0000000018d6f790 is pointing into the stack for thread: 0x0000000017456000
RBP=0x00000192000001ed is an unknown value
RSI=0x0000000018d6f8a8 is pointing into the stack for thread: 0x0000000017456000
RDI=0x00000000028988e0 is an unknown value
R8 =0x0000000017456000 is a thread
R9 =0x0000000000008000 is an unknown value
R10=0x0000000000000000 is an unknown value
R11=0x000000001bba101b is an unknown value
R12=0x0000000000000000 is an unknown value
R13=0x0000000017458498 is an unknown value
R14=0x0000000000000000 is an unknown value
R15=0x0000000000000000 is an unknown value


Stack: [0x0000000018c70000,0x0000000018d70000],  sp=0x0000000018d6f790,  free space=1021k
Native frames: (J=compiled Java code, j=interpreted, Vv=VM code, C=native code)
V  [jvm.dll+0x128225]
V  [jvm.dll+0x348f3d]
C  [jdwp.dll+0x21a15]
C  [jdwp.dll+0x53b3]
C  [jdwp.dll+0x5571]
C  [jdwp.dll+0xf0a8]
C  [jdwp.dll+0x1f2d5]
C  [jdwp.dll+0x1f4aa]
V  [jvm.dll+0x1bad48]
V  [jvm.dll+0x241914]
V  [jvm.dll+0x29848a]
C  [msvcr100.dll+0x21d9f]
C  [msvcr100.dll+0x21e3b]
C  [KERNEL32.DLL+0x13d2]
C  [ntdll.dll+0x15444]


---------------  P R O C E S S  ---------------

Java Threads: ( => current thread )
  0x000000001c411800 JavaThread "DestroyJavaVM" [_thread_blocked, id=7240, stack(0x00000000026a0000,0x00000000027a0000)]
  0x00000000194ca800 JavaThread "TimerQueue" daemon [_thread_blocked, id=8084, stack(0x000000001ef10000,0x000000001f010000)]
  0x000000001c2a2000 JavaThread "AWT-EventQueue-0" [_thread_blocked, id=5472, stack(0x000000001ee10000,0x000000001ef10000)]
  0x000000001c21a800 JavaThread "AWT-Shutdown" [_thread_blocked, id=7072, stack(0x000000001ec10000,0x000000001ed10000)]
  0x000000001b723000 JavaThread "Abandoned connection cleanup thread" daemon [_thread_blocked, id=8056, stack(0x000000001cd20000,0x000000001ce20000)]
  0x000000001b663000 JavaThread "Statistics Thread-__DEFAULT__-1" daemon [_thread_blocked, id=3824, stack(0x000000001cc20000,0x000000001cd20000)]
  0x000000001bc82800 JavaThread "__DEFAULT__" daemon [_thread_blocked, id=5128, stack(0x000000001ac60000,0x000000001ad60000)]
  0x0000000019ca6000 JavaThread "AWT-Windows" daemon [_thread_in_native, id=8160, stack(0x000000001ad60000,0x000000001ae60000)]
  0x0000000019ca2800 JavaThread "Java2D Disposer" daemon [_thread_blocked, id=3228, stack(0x000000001ab60000,0x000000001ac60000)]
  0x000000001749e800 JavaThread "Service Thread" daemon [_thread_blocked, id=7576, stack(0x0000000019670000,0x0000000019770000)]
  0x0000000017474000 JavaThread "C1 CompilerThread2" daemon [_thread_blocked, id=7856, stack(0x0000000019170000,0x0000000019270000)]
  0x0000000017471800 JavaThread "C2 CompilerThread1" daemon [_thread_blocked, id=7716, stack(0x0000000019070000,0x0000000019170000)]
  0x000000001746c800 JavaThread "C2 CompilerThread0" daemon [_thread_blocked, id=352, stack(0x0000000018f70000,0x0000000019070000)]
  0x0000000017460800 JavaThread "JDWP Command Reader" daemon [_thread_in_native, id=1764, stack(0x0000000018e70000,0x0000000018f70000)]
  0x000000001745d800 JavaThread "JDWP Event Helper Thread" daemon [_thread_blocked, id=6504, stack(0x0000000018d70000,0x0000000018e70000)]
=>0x0000000017456000 JavaThread "JDWP Transport Listener: dt_socket" daemon [_thread_in_vm, id=7828, stack(0x0000000018c70000,0x0000000018d70000)]
  0x0000000017442800 JavaThread "Attach Listener" daemon [_thread_blocked, id=3404, stack(0x0000000018890000,0x0000000018990000)]
  0x0000000017441800 JavaThread "Signal Dispatcher" daemon [_thread_blocked, id=7636, stack(0x0000000018790000,0x0000000018890000)]
  0x000000000299b800 JavaThread "Finalizer" daemon [_thread_blocked, id=7424, stack(0x0000000018690000,0x0000000018790000)]
  0x0000000002993000 JavaThread "Reference Handler" daemon [_thread_blocked, id=8036, stack(0x0000000018590000,0x0000000018690000)]

Other Threads:
  0x0000000017407800 VMThread [stack: 0x0000000018490000,0x0000000018590000] [id=2992]
  0x00000000192d5800 WatcherThread [stack: 0x0000000019770000,0x0000000019870000] [id=6912]

VM state:not at safepoint (normal execution)

VM Mutex/Monitor currently owned by a thread: None

Heap:
 PSYoungGen      total 108032K, used 48448K [0x00000000d6300000, 0x00000000de100000, 0x0000000100000000)
  eden space 92160K, 35% used [0x00000000d6300000,0x00000000d8306420,0x00000000dbd00000)
  from space 15872K, 98% used [0x00000000dcf00000,0x00000000dde49e90,0x00000000dde80000)
  to   space 18432K, 0% used [0x00000000dbd00000,0x00000000dbd00000,0x00000000dcf00000)
 ParOldGen       total 93696K, used 21132K [0x0000000082800000, 0x0000000088380000, 0x00000000d6300000)
  object space 93696K, 22% used [0x0000000082800000,0x0000000083ca33b8,0x0000000088380000)
 Metaspace       used 40447K, capacity 40874K, committed 41264K, reserved 1085440K
  class space    used 5419K, capacity 5553K, committed 5680K, reserved 1048576K

Card table byte_map: [0x0000000011d60000,0x0000000012150000] byte_map_base: 0x000000001194c000

Marking Bits: (ParMarkBitMap*) 0x0000000073124040
 Begin Bits: [0x00000000127f0000, 0x0000000014750000)
 End Bits:   [0x0000000014750000, 0x00000000166b0000)

Polling page: 0x0000000000f20000

CodeCache: size=245760Kb used=21555Kb max_used=21598Kb free=224204Kb
 bounds [0x00000000029a0000, 0x0000000003ef0000, 0x00000000119a0000]
 total_blobs=6983 nmethods=6262 adapters=639
 compilation: enabled

Compilation events (10 events):
Event: 2063.622 Thread 0x0000000017474000 7685       1       com.alee.managers.style.skin.web.WebScrollBarPainter::setTrackBounds (6 bytes)
Event: 2063.622 Thread 0x0000000017474000 nmethod 7685 0x0000000003ed8650 code [0x0000000003ed87a0, 0x0000000003ed88d0]
Event: 2063.622 Thread 0x0000000017474000 7686       1       com.alee.managers.style.skin.web.WebScrollBarPainter::setThumbBounds (6 bytes)
Event: 2063.622 Thread 0x0000000017474000 nmethod 7686 0x00000000039f0fd0 code [0x00000000039f1120, 0x00000000039f1250]
Event: 2102.845 Thread 0x0000000017474000 7687       3       java.util.concurrent.ConcurrentHashMap$BaseIterator::<init> (21 bytes)
Event: 2102.845 Thread 0x0000000017474000 nmethod 7687 0x0000000003c24ad0 code [0x0000000003c24c40, 0x0000000003c24ed8]
Event: 2102.845 Thread 0x0000000017474000 7688       3       java.util.concurrent.ConcurrentHashMap$Traverser::<init> (36 bytes)
Event: 2102.846 Thread 0x0000000017474000 nmethod 7688 0x0000000003c246d0 code [0x0000000003c24820, 0x0000000003c24a10]
Event: 2102.846 Thread 0x0000000017474000 7689       3       java.util.concurrent.ConcurrentHashMap::values (27 bytes)
Event: 2102.846 Thread 0x0000000017474000 nmethod 7689 0x00000000039f0090 code [0x00000000039f0200, 0x00000000039f0550]

GC Heap History (10 events):
Event: 9.265 GC heap before
{Heap before GC invocations=12 (full 2):
 PSYoungGen      total 89088K, used 8088K [0x00000000d6300000, 0x00000000dca80000, 0x0000000100000000)
  eden space 80896K, 0% used [0x00000000d6300000,0x00000000d6300000,0x00000000db200000)
  from space 8192K, 98% used [0x00000000dbb00000,0x00000000dc2e6060,0x00000000dc300000)
  to   space 9216K, 0% used [0x00000000db200000,0x00000000db200000,0x00000000dbb00000)
 ParOldGen       total 59904K, used 6711K [0x0000000082800000, 0x0000000086280000, 0x00000000d6300000)
  object space 59904K, 11% used [0x0000000082800000,0x0000000082e8ded8,0x0000000086280000)
 Metaspace       used 34973K, capacity 35326K, committed 35496K, reserved 1079296K
  class space    used 5017K, capacity 5115K, committed 5168K, reserved 1048576K
Event: 9.405 GC heap after
Heap after GC invocations=12 (full 2):
 PSYoungGen      total 89088K, used 0K [0x00000000d6300000, 0x00000000dca80000, 0x0000000100000000)
  eden space 80896K, 0% used [0x00000000d6300000,0x00000000d6300000,0x00000000db200000)
  from space 8192K, 0% used [0x00000000dbb00000,0x00000000dbb00000,0x00000000dc300000)
  to   space 9216K, 0% used [0x00000000db200000,0x00000000db200000,0x00000000dbb00000)
 ParOldGen       total 93696K, used 13600K [0x0000000082800000, 0x0000000088380000, 0x00000000d6300000)
  object space 93696K, 14% used [0x0000000082800000,0x0000000083548330,0x0000000088380000)
 Metaspace       used 34973K, capacity 35326K, committed 35496K, reserved 1079296K
  class space    used 5017K, capacity 5115K, committed 5168K, reserved 1048576K
}
Event: 491.705 GC heap before
{Heap before GC invocations=13 (full 2):
 PSYoungGen      total 89088K, used 80896K [0x00000000d6300000, 0x00000000dca80000, 0x0000000100000000)
  eden space 80896K, 100% used [0x00000000d6300000,0x00000000db200000,0x00000000db200000)
  from space 8192K, 0% used [0x00000000dbb00000,0x00000000dbb00000,0x00000000dc300000)
  to   space 9216K, 0% used [0x00000000db200000,0x00000000db200000,0x00000000dbb00000)
 ParOldGen       total 93696K, used 13600K [0x0000000082800000, 0x0000000088380000, 0x00000000d6300000)
  object space 93696K, 14% used [0x0000000082800000,0x0000000083548330,0x0000000088380000)
 Metaspace       used 38833K, capacity 39270K, committed 39600K, reserved 1083392K
  class space    used 5360K, capacity 5479K, committed 5552K, reserved 1048576K
Event: 491.737 GC heap after
Heap after GC invocations=13 (full 2):
 PSYoungGen      total 90112K, used 9189K [0x00000000d6300000, 0x00000000dd980000, 0x0000000100000000)
  eden space 80896K, 0% used [0x00000000d6300000,0x00000000d6300000,0x00000000db200000)
  from space 9216K, 99% used [0x00000000db200000,0x00000000dbaf94f0,0x00000000dbb00000)
  to   space 10240K, 0% used [0x00000000dcf80000,0x00000000dcf80000,0x00000000dd980000)
 ParOldGen       total 93696K, used 13826K [0x0000000082800000, 0x0000000088380000, 0x00000000d6300000)
  object space 93696K, 14% used [0x0000000082800000,0x0000000083580808,0x0000000088380000)
 Metaspace       used 38833K, capacity 39270K, committed 39600K, reserved 1083392K
  class space    used 5360K, capacity 5479K, committed 5552K, reserved 1048576K
}
Event: 682.041 GC heap before
{Heap before GC invocations=14 (full 2):
 PSYoungGen      total 90112K, used 90085K [0x00000000d6300000, 0x00000000dd980000, 0x0000000100000000)
  eden space 80896K, 100% used [0x00000000d6300000,0x00000000db200000,0x00000000db200000)
  from space 9216K, 99% used [0x00000000db200000,0x00000000dbaf94f0,0x00000000dbb00000)
  to   space 10240K, 0% used [0x00000000dcf80000,0x00000000dcf80000,0x00000000dd980000)
 ParOldGen       total 93696K, used 13826K [0x0000000082800000, 0x0000000088380000, 0x00000000d6300000)
  object space 93696K, 14% used [0x0000000082800000,0x0000000083580808,0x0000000088380000)
 Metaspace       used 39366K, capacity 39820K, committed 40112K, reserved 1083392K
  class space    used 5369K, capacity 5484K, committed 5552K, reserved 1048576K
Event: 682.056 GC heap after
Heap after GC invocations=14 (full 2):
 PSYoungGen      total 107520K, used 10237K [0x00000000d6300000, 0x00000000dda00000, 0x0000000100000000)
  eden space 97280K, 0% used [0x00000000d6300000,0x00000000d6300000,0x00000000dc200000)
  from space 10240K, 99% used [0x00000000dcf80000,0x00000000dd97f560,0x00000000dd980000)
  to   space 12288K, 0% used [0x00000000dc200000,0x00000000dc200000,0x00000000dce00000)
 ParOldGen       total 93696K, used 15066K [0x0000000082800000, 0x0000000088380000, 0x00000000d6300000)
  object space 93696K, 16% used [0x0000000082800000,0x00000000836b6808,0x0000000088380000)
 Metaspace       used 39366K, capacity 39820K, committed 40112K, reserved 1083392K
  class space    used 5369K, capacity 5484K, committed 5552K, reserved 1048576K
}
Event: 804.374 GC heap before
{Heap before GC invocations=15 (full 2):
 PSYoungGen      total 107520K, used 107517K [0x00000000d6300000, 0x00000000dda00000, 0x0000000100000000)
  eden space 97280K, 100% used [0x00000000d6300000,0x00000000dc200000,0x00000000dc200000)
  from space 10240K, 99% used [0x00000000dcf80000,0x00000000dd97f560,0x00000000dd980000)
  to   space 12288K, 0% used [0x00000000dc200000,0x00000000dc200000,0x00000000dce00000)
 ParOldGen       total 93696K, used 15066K [0x0000000082800000, 0x0000000088380000, 0x00000000d6300000)
  object space 93696K, 16% used [0x0000000082800000,0x00000000836b6808,0x0000000088380000)
 Metaspace       used 39914K, capacity 40376K, committed 40624K, reserved 1085440K
  class space    used 5413K, capacity 5518K, committed 5552K, reserved 1048576K
Event: 804.432 GC heap after
Heap after GC invocations=15 (full 2):
 PSYoungGen      total 107008K, used 12279K [0x00000000d6300000, 0x00000000dde80000, 0x0000000100000000)
  eden space 94720K, 0% used [0x00000000d6300000,0x00000000d6300000,0x00000000dbf80000)
  from space 12288K, 99% used [0x00000000dc200000,0x00000000dcdfde70,0x00000000dce00000)
  to   space 15872K, 0% used [0x00000000dcf00000,0x00000000dcf00000,0x00000000dde80000)
 ParOldGen       total 93696K, used 21124K [0x0000000082800000, 0x0000000088380000, 0x00000000d6300000)
  object space 93696K, 22% used [0x0000000082800000,0x0000000083ca13b8,0x0000000088380000)
 Metaspace       used 39914K, capacity 40376K, committed 40624K, reserved 1085440K
  class space    used 5413K, capacity 5518K, committed 5552K, reserved 1048576K
}
Event: 1586.505 GC heap before
{Heap before GC invocations=16 (full 2):
 PSYoungGen      total 107008K, used 106999K [0x00000000d6300000, 0x00000000dde80000, 0x0000000100000000)
  eden space 94720K, 100% used [0x00000000d6300000,0x00000000dbf80000,0x00000000dbf80000)
  from space 12288K, 99% used [0x00000000dc200000,0x00000000dcdfde70,0x00000000dce00000)
  to   space 15872K, 0% used [0x00000000dcf00000,0x00000000dcf00000,0x00000000dde80000)
 ParOldGen       total 93696K, used 21124K [0x0000000082800000, 0x0000000088380000, 0x00000000d6300000)
  object space 93696K, 22% used [0x0000000082800000,0x0000000083ca13b8,0x0000000088380000)
 Metaspace       used 40242K, capacity 40650K, committed 40880K, reserved 1085440K
  class space    used 5416K, capacity 5521K, committed 5552K, reserved 1048576K
Event: 1586.550 GC heap after
Heap after GC invocations=16 (full 2):
 PSYoungGen      total 108032K, used 15655K [0x00000000d6300000, 0x00000000de100000, 0x0000000100000000)
  eden space 92160K, 0% used [0x00000000d6300000,0x00000000d6300000,0x00000000dbd00000)
  from space 15872K, 98% used [0x00000000dcf00000,0x00000000dde49e90,0x00000000dde80000)
  to   space 18432K, 0% used [0x00000000dbd00000,0x00000000dbd00000,0x00000000dcf00000)
 ParOldGen       total 93696K, used 21132K [0x0000000082800000, 0x0000000088380000, 0x00000000d6300000)
  object space 93696K, 22% used [0x0000000082800000,0x0000000083ca33b8,0x0000000088380000)
 Metaspace       used 40242K, capacity 40650K, committed 40880K, reserved 1085440K
  class space    used 5416K, capacity 5521K, committed 5552K, reserved 1048576K
}

Deoptimization events (10 events):
Event: 787.087 Thread 0x000000001c2a2000 Uncommon trap: reason=class_check action=maybe_recompile pc=0x00000000033337dc method=java.util.HashMap.removeNode(ILjava/lang/Object;Ljava/lang/Object;ZZ)Ljava/util/HashMap$Node; @ 143
Event: 787.106 Thread 0x000000001c2a2000 Uncommon trap: reason=unstable_if action=reinterpret pc=0x0000000003a3baa0 method=javax.swing.JComponent.computeVisibleRect(Ljava/awt/Component;Ljava/awt/Rectangle;)V @ 11
Event: 788.031 Thread 0x000000001c2a2000 Uncommon trap: reason=range_check action=make_not_entrant pc=0x0000000003cf0558 method=java.awt.image.DirectColorModel.getRedMask()I @ 5
Event: 812.278 Thread 0x000000001c2a2000 Uncommon trap: reason=unstable_if action=reinterpret pc=0x0000000003d7b5e8 method=sun.awt.geom.AreaOp.obstructs(DDI)Z @ 4
Event: 953.483 Thread 0x000000001c2a2000 Uncommon trap: reason=class_check action=maybe_recompile pc=0x00000000033337dc method=java.util.HashMap.removeNode(ILjava/lang/Object;Ljava/lang/Object;ZZ)Ljava/util/HashMap$Node; @ 143
Event: 953.492 Thread 0x000000001c2a2000 Uncommon trap: reason=unhandled action=none pc=0x0000000002cbd4a4 method=java.net.URLClassLoader.findClass(Ljava/lang/String;)Ljava/lang/Class; @ 44
Event: 956.845 Thread 0x000000001c2a2000 Uncommon trap: reason=unstable_if action=reinterpret pc=0x0000000003d0e8cc method=java.awt.Component.dispatchEventImpl(Ljava/awt/AWTEvent;)V @ 289
Event: 1496.349 Thread 0x000000001c2a2000 Uncommon trap: reason=unstable_if action=reinterpret pc=0x0000000003da4e40 method=java.awt.geom.Path2D$Float.needRoom(ZI)V @ 90
Event: 1496.428 Thread 0x000000001c2a2000 Uncommon trap: reason=unstable_if action=reinterpret pc=0x0000000003af71e8 method=java.awt.geom.Path2D$Float.needRoom(ZI)V @ 90
Event: 1593.952 Thread 0x000000001c2a2000 Uncommon trap: reason=class_check action=maybe_recompile pc=0x00000000033337dc method=java.util.HashMap.removeNode(ILjava/lang/Object;Ljava/lang/Object;ZZ)Ljava/util/HashMap$Node; @ 143

Internal exceptions (10 events):
Event: 815.030 Thread 0x000000001dcba800 Exception <a 'java/lang/InterruptedException'> (0x00000000d76cfe98) thrown at [D:\re\workspace\8-2-build-windows-amd64-cygwin\jdk8u40\3098\hotspot\src\share\vm\runtime\objectMonitor.cpp, line 1683]
Event: 968.742 Thread 0x00000000202e7800 Exception <a 'java/lang/InterruptedException': sleep interrupted> (0x00000000d9e42b68) thrown at [D:\re\workspace\8-2-build-windows-amd64-cygwin\jdk8u40\3098\hotspot\src\share\vm\prims\jvm.cpp, line 3211]
Event: 969.062 Thread 0x00000000202e5000 Exception <a 'java/lang/InterruptedException'> (0x00000000d9fda5b8) thrown at [D:\re\workspace\8-2-build-windows-amd64-cygwin\jdk8u40\3098\hotspot\src\share\vm\runtime\objectMonitor.cpp, line 1683]
Event: 973.326 Thread 0x00000000202e7800 Exception <a 'java/lang/InterruptedException'> (0x00000000da549ac8) thrown at [D:\re\workspace\8-2-build-windows-amd64-cygwin\jdk8u40\3098\hotspot\src\share\vm\runtime\objectMonitor.cpp, line 1494]
Event: 998.432 Thread 0x00000000202e5000 Exception <a 'java/lang/InterruptedException'> (0x00000000dad8ce38) thrown at [D:\re\workspace\8-2-build-windows-amd64-cygwin\jdk8u40\3098\hotspot\src\share\vm\runtime\objectMonitor.cpp, line 1683]
Event: 1001.023 Thread 0x00000000202e4000 Exception <a 'java/lang/InterruptedException'> (0x00000000db06bf88) thrown at [D:\re\workspace\8-2-build-windows-amd64-cygwin\jdk8u40\3098\hotspot\src\share\vm\runtime\objectMonitor.cpp, line 1683]
Event: 1030.102 Thread 0x00000000202e7800 Exception <a 'java/lang/InterruptedException'> (0x00000000db34b190) thrown at [D:\re\workspace\8-2-build-windows-amd64-cygwin\jdk8u40\3098\hotspot\src\share\vm\runtime\objectMonitor.cpp, line 1683]
Event: 1482.267 Thread 0x00000000202e5000 Exception <a 'java/lang/InterruptedException'> (0x00000000db39a0b8) thrown at [D:\re\workspace\8-2-build-windows-amd64-cygwin\jdk8u40\3098\hotspot\src\share\vm\runtime\objectMonitor.cpp, line 1683]
Event: 1519.443 Thread 0x00000000202e5000 Exception <a 'java/lang/InterruptedException'> (0x00000000db804e50) thrown at [D:\re\workspace\8-2-build-windows-amd64-cygwin\jdk8u40\3098\hotspot\src\share\vm\runtime\objectMonitor.cpp, line 1683]
Event: 2063.697 Thread 0x000000001c192000 Exception <a 'java/lang/InterruptedException'> (0x00000000d7e771a0) thrown at [D:\re\workspace\8-2-build-windows-amd64-cygwin\jdk8u40\3098\hotspot\src\share\vm\runtime\objectMonitor.cpp, line 1683]

Events (10 events):
Event: 2063.697 Thread 0x000000001c192000 DEOPT UNPACKING pc=0x00000000029e787f sp=0x000000001af5e980 mode 1
Event: 2063.697 Thread 0x000000001c192000 DEOPT PACKING pc=0x0000000003da0eec sp=0x000000001af5ed40
Event: 2063.697 Thread 0x000000001c192000 DEOPT UNPACKING pc=0x00000000029e787f sp=0x000000001af5e9d8 mode 1
Event: 2063.697 Thread 0x000000001c192000 Thread exited: 0x000000001c192000
Event: 2221.784 Executing VM operation: RedefineClasses
Event: 2221.853 Executing VM operation: RedefineClasses done
Event: 2221.882 Executing VM operation: ChangeBreakpoints
Event: 2221.886 Executing VM operation: ChangeBreakpoints done
Event: 2589.283 Executing VM operation: RedefineClasses
Event: 2589.351 Executing VM operation: RedefineClasses done


Dynamic libraries:
0x00007ff630220000 - 0x00007ff630257000 	C:\Program Files\Java\jre1.8.0_40\bin\javaw.exe
0x00007fff1e050000 - 0x00007fff1e1fc000 	C:\WINDOWS\SYSTEM32\ntdll.dll
0x00007fff1c020000 - 0x00007fff1c15e000 	C:\WINDOWS\system32\KERNEL32.DLL
0x00007fff1b510000 - 0x00007fff1b625000 	C:\WINDOWS\system32\KERNELBASE.dll
0x00007fff19d50000 - 0x00007fff19dde000 	C:\WINDOWS\system32\apphelp.dll
0x00007fff10b40000 - 0x00007fff10b93000 	C:\WINDOWS\AppPatch\AppPatch64\AcGenral.DLL
0x00007fff1c160000 - 0x00007fff1c20a000 	C:\WINDOWS\system32\msvcrt.dll
0x00007fff1af80000 - 0x00007fff1afae000 	C:\WINDOWS\SYSTEM32\SspiCli.dll
0x00007fff1be80000 - 0x00007fff1bed4000 	C:\WINDOWS\system32\SHLWAPI.dll
0x00007fff1c5e0000 - 0x00007fff1c757000 	C:\WINDOWS\system32\USER32.dll
0x00007fff1c7c0000 - 0x00007fff1c954000 	C:\WINDOWS\system32\ole32.dll
0x00007fff1cb30000 - 0x00007fff1e049000 	C:\WINDOWS\system32\SHELL32.dll
0x00007fff1a750000 - 0x00007fff1a771000 	C:\WINDOWS\SYSTEM32\USERENV.dll
0x00007fff1bbb0000 - 0x00007fff1bc5a000 	C:\WINDOWS\system32\ADVAPI32.dll
0x00007fff14800000 - 0x00007fff1481e000 	C:\WINDOWS\SYSTEM32\MPR.dll
0x00007fff1bd20000 - 0x00007fff1be61000 	C:\WINDOWS\system32\RPCRT4.dll
0x00007fff1c760000 - 0x00007fff1c7b9000 	C:\WINDOWS\SYSTEM32\sechost.dll
0x00007fff1c250000 - 0x00007fff1c461000 	C:\WINDOWS\SYSTEM32\combase.dll
0x00007fff1c490000 - 0x00007fff1c5e0000 	C:\WINDOWS\system32\GDI32.dll
0x00007fff1b1b0000 - 0x00007fff1b1c5000 	C:\WINDOWS\SYSTEM32\profapi.dll
0x00007fff19570000 - 0x00007fff19622000 	C:\WINDOWS\SYSTEM32\SHCORE.dll
0x00007fff1c210000 - 0x00007fff1c246000 	C:\WINDOWS\system32\IMM32.DLL
0x00007fff1c9d0000 - 0x00007fff1cb22000 	C:\WINDOWS\system32\MSCTF.dll
0x00007fff18c70000 - 0x00007fff18eea000 	C:\WINDOWS\WinSxS\amd64_microsoft.windows.common-controls_6595b64144ccf1df_6.0.9600.17810_none_6240b9c7ecbd0bda\COMCTL32.dll
0x0000000072730000 - 0x0000000072802000 	C:\Program Files\Java\jre1.8.0_40\bin\msvcr100.dll
0x0000000072920000 - 0x00000000731a3000 	C:\Program Files\Java\jre1.8.0_40\bin\server\jvm.dll
0x00007fff12870000 - 0x00007fff12879000 	C:\WINDOWS\SYSTEM32\WSOCK32.dll
0x00007fff120f0000 - 0x00007fff12112000 	C:\WINDOWS\SYSTEM32\WINMM.dll
0x00007fff13e00000 - 0x00007fff13e0a000 	C:\WINDOWS\SYSTEM32\VERSION.dll
0x00007fff1be70000 - 0x00007fff1be77000 	C:\WINDOWS\system32\PSAPI.DLL
0x00007fff1bb50000 - 0x00007fff1bbaa000 	C:\WINDOWS\system32\WS2_32.dll
0x00007fff120c0000 - 0x00007fff120ea000 	C:\WINDOWS\SYSTEM32\WINMMBASE.dll
0x00007fff1bb40000 - 0x00007fff1bb49000 	C:\WINDOWS\system32\NSI.dll
0x00007fff1b690000 - 0x00007fff1b6df000 	C:\WINDOWS\SYSTEM32\cfgmgr32.dll
0x00007fff19fd0000 - 0x00007fff19ff8000 	C:\WINDOWS\SYSTEM32\DEVOBJ.dll
0x0000000073580000 - 0x000000007358f000 	C:\Program Files\Java\jre1.8.0_40\bin\verify.dll
0x0000000073550000 - 0x0000000073579000 	C:\Program Files\Java\jre1.8.0_40\bin\java.dll
0x00000000726f0000 - 0x0000000072725000 	C:\Program Files\Java\jre1.8.0_40\bin\jdwp.dll
0x00000000734e0000 - 0x00000000734e8000 	C:\Program Files\Java\jre1.8.0_40\bin\npt.dll
0x0000000073530000 - 0x0000000073546000 	C:\Program Files\Java\jre1.8.0_40\bin\zip.dll
0x00000000726e0000 - 0x00000000726e9000 	C:\Program Files\Java\jre1.8.0_40\bin\dt_socket.dll
0x00007fff129e0000 - 0x00007fff129f5000 	C:\WINDOWS\system32\napinsp.dll
0x00007fff129c0000 - 0x00007fff129da000 	C:\WINDOWS\system32\pnrpnsp.dll
0x00007fff17aa0000 - 0x00007fff17abb000 	C:\WINDOWS\system32\NLAapi.dll
0x00007fff1a9c0000 - 0x00007fff1aa19000 	C:\WINDOWS\System32\mswsock.dll
0x00007fff1a7c0000 - 0x00007fff1a864000 	C:\WINDOWS\SYSTEM32\DNSAPI.dll
0x00007fff129b0000 - 0x00007fff129bd000 	C:\WINDOWS\System32\winrnr.dll
0x00007fff15870000 - 0x00007fff158db000 	C:\WINDOWS\System32\fwpuclnt.dll
0x00007fff11e40000 - 0x00007fff11e4a000 	C:\Windows\System32\rasadhlp.dll
0x0000000072540000 - 0x00000000726d8000 	C:\Program Files\Java\jre1.8.0_40\bin\awt.dll
0x00007fff1ba70000 - 0x00007fff1bb31000 	C:\WINDOWS\system32\OLEAUT32.dll
0x00007fff19370000 - 0x00007fff19391000 	C:\WINDOWS\system32\DWMAPI.DLL
0x00007fff19e20000 - 0x00007fff19f49000 	C:\WINDOWS\system32\uxtheme.dll
0x00007fff19fa0000 - 0x00007fff19fab000 	C:\WINDOWS\SYSTEM32\kernel.appcore.dll
0x00007fff1b020000 - 0x00007fff1b02b000 	C:\WINDOWS\SYSTEM32\CRYPTBASE.dll
0x00007fff1afb0000 - 0x00007fff1b013000 	C:\WINDOWS\SYSTEM32\bcryptPrimitives.dll
0x0000000072530000 - 0x000000007253d000 	C:\Program Files\Java\jre1.8.0_40\bin\management.dll
0x0000000073510000 - 0x000000007352a000 	C:\Program Files\Java\jre1.8.0_40\bin\net.dll
0x00007fff15c00000 - 0x00007fff15c2a000 	C:\WINDOWS\SYSTEM32\IPHLPAPI.DLL
0x00007fff15be0000 - 0x00007fff15bea000 	C:\WINDOWS\SYSTEM32\WINNSI.DLL
0x00000000734f0000 - 0x0000000073501000 	C:\Program Files\Java\jre1.8.0_40\bin\nio.dll
0x00007fff1aa20000 - 0x00007fff1aa40000 	C:\WINDOWS\SYSTEM32\CRYPTSP.dll
0x00007fff1a640000 - 0x00007fff1a676000 	C:\WINDOWS\system32\rsaenh.dll
0x00007fff1ac70000 - 0x00007fff1ac96000 	C:\WINDOWS\SYSTEM32\bcrypt.dll
0x00007fff15820000 - 0x00007fff15836000 	C:\WINDOWS\SYSTEM32\dhcpcsvc6.DLL
0x00007fff156e0000 - 0x00007fff156fa000 	C:\WINDOWS\SYSTEM32\dhcpcsvc.DLL
0x00000000724f0000 - 0x000000007252d000 	C:\Program Files\Java\jre1.8.0_40\bin\lcms.dll
0x00000000724a0000 - 0x00000000724e7000 	C:\Program Files\Java\jre1.8.0_40\bin\fontmanager.dll
0x0000000072450000 - 0x0000000072491000 	C:\Program Files\Java\jre1.8.0_40\bin\t2k.dll
0x00007fff1bf60000 - 0x00007fff1c016000 	C:\WINDOWS\SYSTEM32\clbcatq.dll
0x00007fff19150000 - 0x00007fff192fe000 	C:\WINDOWS\SYSTEM32\WindowsCodecs.dll
0x0000000072290000 - 0x00000000722ba000 	C:\Program Files\Java\jre1.8.0_40\bin\dcpr.dll
0x0000000072090000 - 0x0000000072132000 	C:\Program Files\Java\jre1.8.0_40\bin\mlib_image.dll
0x00007fff12bf0000 - 0x00007fff12d79000 	C:\WINDOWS\SYSTEM32\dbghelp.dll

VM Arguments:
jvm_args: -agentlib:jdwp=transport=dt_socket,suspend=y,address=localhost:47849 -Dfile.encoding=Cp1252 
java_command: ch.hesge.csim2.ui.AppStartup
java_class_path (initial): C:\DATA\Projects\csim2\git\csim2\ch.hesge.csim2.ui\bin;C:\DATA\Projects\csim2\git\csim2\ch.hesge.csim2.core\bin;C:\DATA\Projects\csim2\git\csim2\ch.hesge.csim2.core\lib\cache\ehcache-2.10.0.jar;C:\DATA\Projects\csim2\git\csim2\ch.hesge.csim2.core\lib\mysql\mysql-connector-java-5.1.35.jar;C:\DATA\Projects\csim2\git\csim2\ch.hesge.csim2.core\lib\stemmization\snowball-20150621.jar;C:\DATA\Projects\csim2\git\csim2\ch.hesge.csim2.core\lib\cache\slf4j-api-1.7.12.jar;C:\DATA\Projects\csim2\git\csim2\ch.hesge.csim2.core\lib\owlapi\aopalliance-1.0.jar;C:\DATA\Projects\csim2\git\csim2\ch.hesge.csim2.core\lib\owlapi\commons-codec-1.6.jar;C:\DATA\Projects\csim2\git\csim2\ch.hesge.csim2.core\lib\owlapi\commons-io-2.4.jar;C:\DATA\Projects\csim2\git\csim2\ch.hesge.csim2.core\lib\owlapi\guava-18.0.jar;C:\DATA\Projects\csim2\git\csim2\ch.hesge.csim2.core\lib\owlapi\guice-4.0-beta.jar;C:\DATA\Projects\csim2\git\csim2\ch.hesge.csim2.core\lib\owlapi\guice-multibindings-4.0-beta.jar;C:\DATA\Projects\csim2\git\csim2\ch.hesge.csim2.core\lib\owlapi\httpclient-4.2.5.jar;C:\DATA\Projects\csim2\git\csim2\ch.hesge.csim2.core\lib\owlapi\httpclient-cache-4.2.5.jar;C:\DATA\Projects\csim2\git\csim2\ch.hesge.csim2.core\lib\owlapi\httpcore-4.2.4.jar;C:\DATA\Projects\csim2\git\csim2\ch.hesge.csim2.core\lib\owlapi\jackson-annotations-2.3.3.jar;C:\DATA\Projects\csim2\git\csim2\ch.hesge.csim2.core\lib\owlapi\jackson-core-2.3.3.jar;C:\DATA\Projects\csim2\git\csim2\ch.hesge.csim2.core\lib\owlapi\jackson-databind-2.3.3.jar;C:\DATA\Projects\csim2\git\csim2\ch.hesge.csim2.core\lib\owlapi\javax.inject-1.jar;C:\DATA\Projects\csim2\git\csim2\ch.hesge.csim2.core\lib\owlapi\jcl-over-slf4j-1.7.7.jar;C:\DATA\Projects\csim2\git\csim2\ch.hesge.csim2.core\lib\owlapi\jsonld-java-0.5.0.jar;C:\DATA\Projects\csim2\git\csim2\ch.hesge.csim2.core\lib\owlapi\jsonld-java-sesame-0.5.0.jar;C:\DATA\Projects\csim2\git\csim2\ch.hesge.csim2.core\lib\owlapi\jsr305-2.0.1.jar;C:\DATA\Projects\csim2\git\csim
Launcher Type: SUN_STANDARD

Environment Variables:
JAVA_HOME=C:\Program Files\Java\jdk1.8.0_40
PATH=C:/Program Files/Java/jre1.8.0_40/bin/server;C:/Program Files/Java/jre1.8.0_40/bin;C:/Program Files/Java/jre1.8.0_40/lib/amd64;C:\ProgramData\Oracle\Java\javapath;.;C:\Program Files (x86)\CollabNet;C:\Program Files (x86)\Embarcadero\Studio\14.0\bin;C:\Users\Public\Documents\Embarcadero\Studio\14.0\Bpl;C:\Program Files (x86)\Embarcadero\Studio\14.0\bin64;C:\Users\Public\Documents\Embarcadero\Studio\14.0\Bpl\Win64;C:\WINDOWS\system32;C:\WINDOWS;C:\WINDOWS\System32\Wbem;C:\WINDOWS\System32\WindowsPowerShell\v1.0\;C:\Program Files (x86)\Common Files\Acronis\SnapAPI\;C:\Program Files\TortoiseSVN\bin;C:\Program Files\Common Files\iPerf;C:\Program Files (x86)\Windows Kits\8.1\Windows Performance Toolkit\;C:\Program Files (x86)\Microsoft SDKs\TypeScript\1.0\;C:\Program Files\Java\jdk1.7.0_25\bin;C:\Program Files (x86)\GtkSharp\2.12\bin;C:\Program Files\Java\jdk1.8.0_05\bin;C:\Program Files\Eclipse\eclipse-java-luna\plugins\org.apache.ant_1.9.2.v201404171502\bin;C:\Program Files\Eclipse\eclipse-java-adt\sdk\platform-tools;C:\Program Files\Eclipse\eclipse-java-adt\sdk\tools;C:\Program Files (x86)\Skype\Phone\;C:\Program Files (x86)\MSBuild\12.0\Bin;C:\Program Files\Eclipse\eclipse-java-luna;
USERNAME=Eric
OS=Windows_NT
PROCESSOR_IDENTIFIER=Intel64 Family 6 Model 58 Stepping 9, GenuineIntel



---------------  S Y S T E M  ---------------

OS: Windows 8.1 , 64 bit Build 9600 (6.3.9600.17415)

CPU:total 4 (2 cores per cpu, 2 threads per core) family 6 model 58 stepping 9, cmov, cx8, fxsr, mmx, sse, sse2, sse3, ssse3, sse4.1, sse4.2, popcnt, avx, clmul, erms, ht, tsc, tscinvbit, tscinv

Memory: 4k page, physical 8221292k(4648104k free), swap 9532012k(4451888k free)

vm_info: Java HotSpot(TM) 64-Bit Server VM (25.40-b25) for windows-amd64 JRE (1.8.0_40-b26), built on Mar  7 2015 13:51:59 by "java_re" with MS VC++ 10.0 (VS2010)

time: Thu Jul 30 23:50:42 2015
elapsed time: 2589 seconds (0d 0h 43m 9s)

